---------------------------------------------------------------
[ 2025-12-14T04:21:27+08:00 ] 127.0.0.1 GET fadmin.localhost.cn/jnBIzEyaWQ.php
[运行时间：0.054833s] [吞吐率：18.24req/s] [内存消耗：3,018.61kb] [文件加载：80]
[ info ] [ BEHAVIOR ] Run Closure @app_init [ RunTime:0.001743s ]
[ info ] [ CACHE ] INIT File
[ info ] [ BEHAVIOR ] Run \addons\qrcode\Qrcode @app_init [ RunTime:0.005001s ]
[ info ] [ BEHAVIOR ] Run Closure @app_init [ RunTime:0.005020s ]
[ info ] [ BEHAVIOR ] Run app\common\behavior\Common @app_init [ RunTime:0.000892s ]
[ info ] [ LANG ] D:\share\fadmin\thinkphp\lang\zh-cn.php
[ info ] [ BEHAVIOR ] Run app\common\behavior\Common @app_dispatch [ RunTime:0.000257s ]
[ info ] [ ROUTE ] array (
  'type' => 'module',
  'module' => 
  array (
    0 => 'admin',
    1 => NULL,
    2 => NULL,
  ),
)
[ info ] [ HEADER ] array (
  'cookie' => 'sidebar_collapse=0',
  'accept-language' => 'zh-CN,zh;q=0.9',
  'accept-encoding' => 'gzip, deflate',
  'x-source' => 'chrome-extension://laljofodhebajcajogbolahbjdcnfgkf/app/webext.html',
  'x-extension' => 'laljofodhebajcajogbolahbjdcnfgkf',
  'accept' => 'text/html',
  'user-agent' => 'Mozilla/5.0 (Windows NT 10.0; Win64; x64) AppleWebKit/537.36 (KHTML, like Gecko) Chrome/143.0.0.0 Safari/537.36',
  'connection' => 'keep-alive',
  'host' => 'fadmin.localhost.cn',
  'content-length' => '',
  'content-type' => '',
)
[ info ] [ PARAM ] array (
)
[ info ] [ LANG ] D:\share\fadmin\public/../application/admin\lang\zh-cn.php
[ info ] [ BEHAVIOR ] Run app\common\behavior\Common @module_init [ RunTime:0.001960s ]
[ info ] [ BEHAVIOR ] Run \addons\apilog\Apilog @module_init [ RunTime:0.000042s ]
[ info ] [ SESSION ] INIT array (
  'id' => '',
  'var_session_id' => '',
  'prefix' => 'think',
  'type' => '',
  'auto_start' => true,
)
[ info ] [ BEHAVIOR ] Run app\admin\behavior\AdminLog @app_end [ RunTime:0.000214s ]
[ info ] [ BEHAVIOR ] Run \addons\apilog\Apilog @response_send [ RunTime:0.000062s ]
[ info ] [ LOG ] INIT File
---------------------------------------------------------------
[ 2025-12-14T04:21:27+08:00 ] 127.0.0.1 GET fadmin.localhost.cn/jnBIzEyaWQ.php/index/login
[运行时间：0.027682s] [吞吐率：36.12req/s] [内存消耗：3,359.99kb] [文件加载：86]
[ info ] [ BEHAVIOR ] Run Closure @app_init [ RunTime:0.000015s ]
[ info ] [ CACHE ] INIT File
[ info ] [ BEHAVIOR ] Run \addons\qrcode\Qrcode @app_init [ RunTime:0.002216s ]
[ info ] [ BEHAVIOR ] Run Closure @app_init [ RunTime:0.002230s ]
[ info ] [ BEHAVIOR ] Run app\common\behavior\Common @app_init [ RunTime:0.000280s ]
[ info ] [ LANG ] D:\share\fadmin\thinkphp\lang\zh-cn.php
[ info ] [ BEHAVIOR ] Run app\common\behavior\Common @app_dispatch [ RunTime:0.000011s ]
[ info ] [ ROUTE ] array (
  'type' => 'module',
  'module' => 
  array (
    0 => 'admin',
    1 => 'index',
    2 => 'login',
  ),
)
[ info ] [ HEADER ] array (
  'cookie' => 'sidebar_collapse=0; PHPSESSID=h6m8ufqjbuh8pkhs7hjsp956hm',
  'accept-language' => 'zh-CN,zh;q=0.9',
  'accept-encoding' => 'gzip, deflate',
  'x-source' => 'chrome-extension://laljofodhebajcajogbolahbjdcnfgkf/app/webext.html',
  'x-extension' => 'laljofodhebajcajogbolahbjdcnfgkf',
  'accept' => 'text/html',
  'user-agent' => 'Mozilla/5.0 (Windows NT 10.0; Win64; x64) AppleWebKit/537.36 (KHTML, like Gecko) Chrome/143.0.0.0 Safari/537.36',
  'connection' => 'keep-alive',
  'host' => 'fadmin.localhost.cn',
  'content-length' => '',
  'content-type' => '',
)
[ info ] [ PARAM ] array (
)
[ info ] [ LANG ] D:\share\fadmin\public/../application/admin\lang\zh-cn.php
[ info ] [ BEHAVIOR ] Run app\common\behavior\Common @module_init [ RunTime:0.000721s ]
[ info ] [ BEHAVIOR ] Run \addons\apilog\Apilog @module_init [ RunTime:0.000021s ]
[ info ] [ SESSION ] INIT array (
  'id' => '',
  'var_session_id' => '',
  'prefix' => 'think',
  'type' => '',
  'auto_start' => true,
)
[ info ] [ BEHAVIOR ] Run \addons\betterform\Betterform @config_init [ RunTime:0.000789s ]
[ info ] [ BEHAVIOR ] Run \addons\encryptpwd\Encryptpwd @config_init [ RunTime:0.000380s ]
[ info ] [ BEHAVIOR ] Run \addons\summernote\Summernote @config_init [ RunTime:0.000399s ]
[ info ] [ LANG ] D:\share\fadmin\public/../application/admin/lang/zh-cn/index.php
[ info ] [ BEHAVIOR ] Run \addons\encryptpwd\Encryptpwd @action_begin [ RunTime:0.000538s ]
[ info ] [ RUN ] app\admin\controller\Index->login[ D:\share\fadmin\application\admin\controller\Index.php ]
[ info ] [ VIEW ] D:\share\fadmin\public/../application/admin\view\index\login.html [ array (
  0 => 'breadcrumb',
  1 => 'site',
  2 => 'config',
  3 => 'auth',
  4 => 'admin',
  5 => 'keeyloginhours',
  6 => 'background',
  7 => 'title',
) ]
[ info ] [ BEHAVIOR ] Run \addons\betterform\Betterform @view_filter [ RunTime:0.000137s ]
[ info ] [ BEHAVIOR ] Run app\admin\behavior\AdminLog @app_end [ RunTime:0.000073s ]
[ info ] [ BEHAVIOR ] Run \addons\apilog\Apilog @response_send [ RunTime:0.000018s ]
[ info ] [ LOG ] INIT File
---------------------------------------------------------------
[ 2025-12-14T19:11:53+08:00 ] 127.0.0.1 GET fadmin.localhost.cn/jnBIzEyaWQ.php
[运行时间：0.052457s] [吞吐率：19.06req/s] [内存消耗：3,019.01kb] [文件加载：80]
[ info ] [ BEHAVIOR ] Run Closure @app_init [ RunTime:0.000087s ]
[ info ] [ CACHE ] INIT File
[ info ] [ BEHAVIOR ] Run \addons\qrcode\Qrcode @app_init [ RunTime:0.005401s ]
[ info ] [ BEHAVIOR ] Run Closure @app_init [ RunTime:0.005417s ]
[ info ] [ BEHAVIOR ] Run app\common\behavior\Common @app_init [ RunTime:0.000860s ]
[ info ] [ LANG ] D:\share\fadmin\thinkphp\lang\zh-cn.php
[ info ] [ BEHAVIOR ] Run app\common\behavior\Common @app_dispatch [ RunTime:0.000015s ]
[ info ] [ ROUTE ] array (
  'type' => 'module',
  'module' => 
  array (
    0 => 'admin',
    1 => NULL,
    2 => NULL,
  ),
)
[ info ] [ HEADER ] array (
  'cookie' => 'sidebar_collapse=0; PHPSESSID=h6m8ufqjbuh8pkhs7hjsp956hm',
  'accept-language' => 'zh-CN,zh;q=0.9',
  'accept-encoding' => 'gzip, deflate',
  'accept' => 'text/html,application/xhtml+xml,application/xml;q=0.9,image/avif,image/webp,image/apng,*/*;q=0.8,application/signed-exchange;v=b3;q=0.7',
  'user-agent' => 'Mozilla/5.0 (Windows NT 10.0; Win64; x64) AppleWebKit/537.36 (KHTML, like Gecko) Chrome/143.0.0.0 Safari/537.36',
  'upgrade-insecure-requests' => '1',
  'connection' => 'keep-alive',
  'host' => 'fadmin.localhost.cn',
  'content-length' => '',
  'content-type' => '',
)
[ info ] [ PARAM ] array (
)
[ info ] [ LANG ] D:\share\fadmin\public/../application/admin\lang\zh-cn.php
[ info ] [ BEHAVIOR ] Run app\common\behavior\Common @module_init [ RunTime:0.002067s ]
[ info ] [ BEHAVIOR ] Run \addons\apilog\Apilog @module_init [ RunTime:0.000047s ]
[ info ] [ SESSION ] INIT array (
  'id' => '',
  'var_session_id' => '',
  'prefix' => 'think',
  'type' => '',
  'auto_start' => true,
)
[ info ] [ BEHAVIOR ] Run app\admin\behavior\AdminLog @app_end [ RunTime:0.000274s ]
[ info ] [ BEHAVIOR ] Run \addons\apilog\Apilog @response_send [ RunTime:0.000040s ]
[ info ] [ LOG ] INIT File
---------------------------------------------------------------
[ 2025-12-14T19:11:53+08:00 ] 127.0.0.1 GET fadmin.localhost.cn/jnBIzEyaWQ.php/index/login
[运行时间：0.023550s] [吞吐率：42.46req/s] [内存消耗：3,360.23kb] [文件加载：86]
[ info ] [ BEHAVIOR ] Run Closure @app_init [ RunTime:0.000013s ]
[ info ] [ CACHE ] INIT File
[ info ] [ BEHAVIOR ] Run \addons\qrcode\Qrcode @app_init [ RunTime:0.001637s ]
[ info ] [ BEHAVIOR ] Run Closure @app_init [ RunTime:0.001650s ]
[ info ] [ BEHAVIOR ] Run app\common\behavior\Common @app_init [ RunTime:0.000277s ]
[ info ] [ LANG ] D:\share\fadmin\thinkphp\lang\zh-cn.php
[ info ] [ BEHAVIOR ] Run app\common\behavior\Common @app_dispatch [ RunTime:0.000012s ]
[ info ] [ ROUTE ] array (
  'type' => 'module',
  'module' => 
  array (
    0 => 'admin',
    1 => 'index',
    2 => 'login',
  ),
)
[ info ] [ HEADER ] array (
  'cookie' => 'sidebar_collapse=0; PHPSESSID=h6m8ufqjbuh8pkhs7hjsp956hm',
  'accept-language' => 'zh-CN,zh;q=0.9',
  'accept-encoding' => 'gzip, deflate',
  'accept' => 'text/html,application/xhtml+xml,application/xml;q=0.9,image/avif,image/webp,image/apng,*/*;q=0.8,application/signed-exchange;v=b3;q=0.7',
  'user-agent' => 'Mozilla/5.0 (Windows NT 10.0; Win64; x64) AppleWebKit/537.36 (KHTML, like Gecko) Chrome/143.0.0.0 Safari/537.36',
  'upgrade-insecure-requests' => '1',
  'connection' => 'keep-alive',
  'host' => 'fadmin.localhost.cn',
  'content-length' => '',
  'content-type' => '',
)
[ info ] [ PARAM ] array (
)
[ info ] [ LANG ] D:\share\fadmin\public/../application/admin\lang\zh-cn.php
[ info ] [ BEHAVIOR ] Run app\common\behavior\Common @module_init [ RunTime:0.000667s ]
[ info ] [ BEHAVIOR ] Run \addons\apilog\Apilog @module_init [ RunTime:0.000023s ]
[ info ] [ SESSION ] INIT array (
  'id' => '',
  'var_session_id' => '',
  'prefix' => 'think',
  'type' => '',
  'auto_start' => true,
)
[ info ] [ BEHAVIOR ] Run \addons\betterform\Betterform @config_init [ RunTime:0.000567s ]
[ info ] [ BEHAVIOR ] Run \addons\encryptpwd\Encryptpwd @config_init [ RunTime:0.000387s ]
[ info ] [ BEHAVIOR ] Run \addons\summernote\Summernote @config_init [ RunTime:0.000377s ]
[ info ] [ LANG ] D:\share\fadmin\public/../application/admin/lang/zh-cn/index.php
[ info ] [ BEHAVIOR ] Run \addons\encryptpwd\Encryptpwd @action_begin [ RunTime:0.000057s ]
[ info ] [ RUN ] app\admin\controller\Index->login[ D:\share\fadmin\application\admin\controller\Index.php ]
[ info ] [ VIEW ] D:\share\fadmin\public/../application/admin\view\index\login.html [ array (
  0 => 'breadcrumb',
  1 => 'site',
  2 => 'config',
  3 => 'auth',
  4 => 'admin',
  5 => 'keeyloginhours',
  6 => 'background',
  7 => 'title',
) ]
[ info ] [ BEHAVIOR ] Run \addons\betterform\Betterform @view_filter [ RunTime:0.000057s ]
[ info ] [ BEHAVIOR ] Run app\admin\behavior\AdminLog @app_end [ RunTime:0.000072s ]
[ info ] [ BEHAVIOR ] Run \addons\apilog\Apilog @response_send [ RunTime:0.000019s ]
[ info ] [ LOG ] INIT File
---------------------------------------------------------------
[ 2025-12-14T19:11:53+08:00 ] 127.0.0.1 GET fadmin.localhost.cn/index.php?s=/captcha
[运行时间：0.030347s] [吞吐率：32.95req/s] [内存消耗：2,376.00kb] [文件加载：68]
[ info ] [ BEHAVIOR ] Run Closure @app_init [ RunTime:0.000018s ]
[ info ] [ CACHE ] INIT File
[ info ] [ BEHAVIOR ] Run \addons\qrcode\Qrcode @app_init [ RunTime:0.002093s ]
[ info ] [ BEHAVIOR ] Run Closure @app_init [ RunTime:0.002113s ]
[ info ] [ BEHAVIOR ] Run app\common\behavior\Common @app_init [ RunTime:0.000349s ]
[ info ] [ LANG ] D:\share\fadmin\thinkphp\lang\zh-cn.php
[ info ] [ BEHAVIOR ] Run app\common\behavior\Common @app_dispatch [ RunTime:0.000313s ]
[ info ] [ ROUTE ] array (
  'type' => 'method',
  'method' => 
  array (
    0 => '\\think\\captcha\\CaptchaController',
    1 => 'index',
  ),
  'var' => 
  array (
  ),
)
[ info ] [ HEADER ] array (
  'cookie' => 'PHPSESSID=h6m8ufqjbuh8pkhs7hjsp956hm',
  'accept-language' => 'zh-CN,zh;q=0.9',
  'accept-encoding' => 'gzip, deflate',
  'accept' => 'image/avif,image/webp,image/apng,image/svg+xml,image/*,*/*;q=0.8',
  'user-agent' => 'Mozilla/5.0 (Windows NT 10.0; Win64; x64) AppleWebKit/537.36 (KHTML, like Gecko) Chrome/143.0.0.0 Safari/537.36',
  'connection' => 'keep-alive',
  'host' => 'fadmin.localhost.cn',
  'content-length' => '',
  'content-type' => '',
)
[ info ] [ PARAM ] array (
  'id' => NULL,
)
[ info ] [ RUN ] think\captcha\CaptchaController->index[ D:\share\fadmin\vendor\topthink\think-captcha\src\CaptchaController.php ]
[ info ] [ SESSION ] INIT array (
  'id' => '',
  'var_session_id' => '',
  'prefix' => 'think',
  'type' => '',
  'auto_start' => true,
)
[ info ] [ BEHAVIOR ] Run \addons\apilog\Apilog @response_send [ RunTime:0.000058s ]
[ info ] [ LOG ] INIT File
---------------------------------------------------------------
[ 2025-12-14T19:11:53+08:00 ] 127.0.0.1 GET fadmin.localhost.cn/jnBIzEyaWQ.php/ajax/lang?callback=define&controllername=index&lang=zh-cn&v=1765710713
[运行时间：0.025330s] [吞吐率：39.48req/s] [内存消耗：3,555.30kb] [文件加载：87]
[ info ] [ BEHAVIOR ] Run Closure @app_init [ RunTime:0.000019s ]
[ info ] [ CACHE ] INIT File
[ info ] [ BEHAVIOR ] Run \addons\qrcode\Qrcode @app_init [ RunTime:0.002296s ]
[ info ] [ BEHAVIOR ] Run Closure @app_init [ RunTime:0.002317s ]
[ info ] [ BEHAVIOR ] Run app\common\behavior\Common @app_init [ RunTime:0.000386s ]
[ info ] [ LANG ] D:\share\fadmin\thinkphp\lang\zh-cn.php
[ info ] [ BEHAVIOR ] Run app\common\behavior\Common @app_dispatch [ RunTime:0.000014s ]
[ info ] [ ROUTE ] array (
  'type' => 'module',
  'module' => 
  array (
    0 => 'admin',
    1 => 'ajax',
    2 => 'lang',
  ),
)
[ info ] [ HEADER ] array (
  'cookie' => 'sidebar_collapse=0; PHPSESSID=h6m8ufqjbuh8pkhs7hjsp956hm',
  'accept-language' => 'zh-CN,zh;q=0.9',
  'accept-encoding' => 'gzip, deflate',
  'accept' => '*/*',
  'user-agent' => 'Mozilla/5.0 (Windows NT 10.0; Win64; x64) AppleWebKit/537.36 (KHTML, like Gecko) Chrome/143.0.0.0 Safari/537.36',
  'connection' => 'keep-alive',
  'host' => 'fadmin.localhost.cn',
  'content-length' => '',
  'content-type' => '',
)
[ info ] [ PARAM ] array (
  'callback' => 'define',
  'controllername' => 'index',
  'lang' => 'zh-cn',
  'v' => '1765710713',
)
[ info ] [ LANG ] D:\share\fadmin\public/../application/admin\lang\zh-cn.php
[ info ] [ BEHAVIOR ] Run app\common\behavior\Common @module_init [ RunTime:0.000862s ]
[ info ] [ BEHAVIOR ] Run \addons\apilog\Apilog @module_init [ RunTime:0.000031s ]
[ info ] [ SESSION ] INIT array (
  'id' => '',
  'var_session_id' => '',
  'prefix' => 'think',
  'type' => '',
  'auto_start' => true,
)
[ info ] [ BEHAVIOR ] Run \addons\betterform\Betterform @config_init [ RunTime:0.000193s ]
[ info ] [ BEHAVIOR ] Run \addons\encryptpwd\Encryptpwd @config_init [ RunTime:0.000145s ]
[ info ] [ BEHAVIOR ] Run \addons\summernote\Summernote @config_init [ RunTime:0.000163s ]
[ info ] [ LANG ] D:\share\fadmin\public/../application/admin/lang/zh-cn/ajax.php
[ info ] [ BEHAVIOR ] Run \addons\encryptpwd\Encryptpwd @action_begin [ RunTime:0.000074s ]
[ info ] [ RUN ] app\admin\controller\Ajax->lang[ D:\share\fadmin\application\admin\controller\Ajax.php ]
[ info ] [ LANG ] D:\share\fadmin\public/../application/admin/lang/zh-cn/index.php
[ info ] [ BEHAVIOR ] Run app\admin\behavior\AdminLog @app_end [ RunTime:0.000114s ]
[ info ] [ BEHAVIOR ] Run \addons\apilog\Apilog @response_send [ RunTime:0.000027s ]
[ info ] [ LOG ] INIT File
---------------------------------------------------------------
[ 2025-12-14T19:12:03+08:00 ] 127.0.0.1 POST fadmin.localhost.cn/jnBIzEyaWQ.php/index/login
[运行时间：1.192478s] [吞吐率：0.84req/s] [内存消耗：4,495.51kb] [文件加载：97]
[ info ] [ BEHAVIOR ] Run Closure @app_init [ RunTime:0.000021s ]
[ info ] [ CACHE ] INIT File
[ info ] [ BEHAVIOR ] Run \addons\qrcode\Qrcode @app_init [ RunTime:0.001874s ]
[ info ] [ BEHAVIOR ] Run Closure @app_init [ RunTime:0.001890s ]
[ info ] [ BEHAVIOR ] Run app\common\behavior\Common @app_init [ RunTime:0.000286s ]
[ info ] [ LANG ] D:\share\fadmin\thinkphp\lang\zh-cn.php
[ info ] [ BEHAVIOR ] Run app\common\behavior\Common @app_dispatch [ RunTime:0.000014s ]
[ info ] [ ROUTE ] array (
  'type' => 'module',
  'module' => 
  array (
    0 => 'admin',
    1 => 'index',
    2 => 'login',
  ),
)
[ info ] [ HEADER ] array (
  'cookie' => 'sidebar_collapse=0; PHPSESSID=h6m8ufqjbuh8pkhs7hjsp956hm',
  'accept-language' => 'zh-CN,zh;q=0.9',
  'accept-encoding' => 'gzip, deflate',
  'origin' => 'http://fadmin.localhost.cn',
  'content-type' => 'application/x-www-form-urlencoded; charset=UTF-8',
  'accept' => 'application/json, text/javascript, */*; q=0.01',
  'user-agent' => 'Mozilla/5.0 (Windows NT 10.0; Win64; x64) AppleWebKit/537.36 (KHTML, like Gecko) Chrome/143.0.0.0 Safari/537.36',
  'x-requested-with' => 'XMLHttpRequest',
  'content-length' => '184',
  'connection' => 'keep-alive',
  'host' => 'fadmin.localhost.cn',
)
[ info ] [ PARAM ] array (
  '__token__' => 'a17b08537b37e658a56ab79fb2162dd0',
  'username' => 'admin',
  'password' => 'eDwvyfeclfjilWLjfyC/Og==',
  'captcha' => 'f2uy',
  'encryptpwdFields' => 'cGFzc3dvcmQ=',
  'encryptpwdIv' => 'MWIyMzg4MWExNDhjMjgzOA==',
)
[ info ] [ LANG ] D:\share\fadmin\public/../application/admin\lang\zh-cn.php
[ info ] [ BEHAVIOR ] Run app\common\behavior\Common @module_init [ RunTime:0.000675s ]
[ info ] [ BEHAVIOR ] Run \addons\apilog\Apilog @module_init [ RunTime:0.000026s ]
[ info ] [ SESSION ] INIT array (
  'id' => '',
  'var_session_id' => '',
  'prefix' => 'think',
  'type' => '',
  'auto_start' => true,
)
[ info ] [ BEHAVIOR ] Run \addons\betterform\Betterform @config_init [ RunTime:0.000137s ]
[ info ] [ BEHAVIOR ] Run \addons\encryptpwd\Encryptpwd @config_init [ RunTime:0.000096s ]
[ info ] [ BEHAVIOR ] Run \addons\summernote\Summernote @config_init [ RunTime:0.000109s ]
[ info ] [ LANG ] D:\share\fadmin\public/../application/admin/lang/zh-cn/index.php
[ info ] [ BEHAVIOR ] Run \addons\encryptpwd\Encryptpwd @action_begin [ RunTime:0.002602s ]
[ info ] [ RUN ] app\admin\controller\Index->login[ D:\share\fadmin\application\admin\controller\Index.php ]
[ info ] [ DB ] INIT mysql
[ info ] [ BEHAVIOR ] Run app\admin\behavior\AdminLog @app_end [ RunTime:0.021030s ]
[ info ] [ BEHAVIOR ] Run \addons\apilog\Apilog @response_send [ RunTime:0.000052s ]
[ info ] [ LOG ] INIT File
---------------------------------------------------------------
[ 2025-12-14T19:12:03+08:00 ] 127.0.0.1 GET fadmin.localhost.cn/jnBIzEyaWQ.php/index/index
[运行时间：0.052156s] [吞吐率：19.17req/s] [内存消耗：4,805.17kb] [文件加载：100]
[ info ] [ BEHAVIOR ] Run Closure @app_init [ RunTime:0.000019s ]
[ info ] [ CACHE ] INIT File
[ info ] [ BEHAVIOR ] Run \addons\qrcode\Qrcode @app_init [ RunTime:0.003741s ]
[ info ] [ BEHAVIOR ] Run Closure @app_init [ RunTime:0.003765s ]
[ info ] [ BEHAVIOR ] Run app\common\behavior\Common @app_init [ RunTime:0.000386s ]
[ info ] [ LANG ] D:\share\fadmin\thinkphp\lang\zh-cn.php
[ info ] [ BEHAVIOR ] Run app\common\behavior\Common @app_dispatch [ RunTime:0.000018s ]
[ info ] [ ROUTE ] array (
  'type' => 'module',
  'module' => 
  array (
    0 => 'admin',
    1 => 'index',
    2 => 'index',
  ),
)
[ info ] [ HEADER ] array (
  'cookie' => 'sidebar_collapse=0; PHPSESSID=h6m8ufqjbuh8pkhs7hjsp956hm',
  'accept-language' => 'zh-CN,zh;q=0.9',
  'accept-encoding' => 'gzip, deflate',
  'accept' => 'text/html,application/xhtml+xml,application/xml;q=0.9,image/avif,image/webp,image/apng,*/*;q=0.8,application/signed-exchange;v=b3;q=0.7',
  'user-agent' => 'Mozilla/5.0 (Windows NT 10.0; Win64; x64) AppleWebKit/537.36 (KHTML, like Gecko) Chrome/143.0.0.0 Safari/537.36',
  'upgrade-insecure-requests' => '1',
  'connection' => 'keep-alive',
  'host' => 'fadmin.localhost.cn',
  'content-length' => '',
  'content-type' => '',
)
[ info ] [ PARAM ] array (
)
[ info ] [ LANG ] D:\share\fadmin\public/../application/admin\lang\zh-cn.php
[ info ] [ BEHAVIOR ] Run app\common\behavior\Common @module_init [ RunTime:0.000691s ]
[ info ] [ BEHAVIOR ] Run \addons\apilog\Apilog @module_init [ RunTime:0.000030s ]
[ info ] [ SESSION ] INIT array (
  'id' => '',
  'var_session_id' => '',
  'prefix' => 'think',
  'type' => '',
  'auto_start' => true,
)
[ info ] [ DB ] INIT mysql
[ info ] [ BEHAVIOR ] Run \addons\betterform\Betterform @config_init [ RunTime:0.000126s ]
[ info ] [ BEHAVIOR ] Run \addons\encryptpwd\Encryptpwd @config_init [ RunTime:0.000098s ]
[ info ] [ BEHAVIOR ] Run \addons\summernote\Summernote @config_init [ RunTime:0.000113s ]
[ info ] [ LANG ] D:\share\fadmin\public/../application/admin/lang/zh-cn/index.php
[ info ] [ BEHAVIOR ] Run \addons\encryptpwd\Encryptpwd @action_begin [ RunTime:0.000052s ]
[ info ] [ RUN ] app\admin\controller\Index->index[ D:\share\fadmin\application\admin\controller\Index.php ]
[ info ] [ VIEW ] D:\share\fadmin\public/../application/admin\view\index\index.html [ array (
  0 => 'breadcrumb',
  1 => 'site',
  2 => 'config',
  3 => 'auth',
  4 => 'admin',
  5 => 'menulist',
  6 => 'navlist',
  7 => 'fixedmenu',
  8 => 'referermenu',
  9 => 'title',
  10 => 'message_count',
) ]
[ info ] [ BEHAVIOR ] Run \addons\betterform\Betterform @view_filter [ RunTime:0.000118s ]
[ info ] [ BEHAVIOR ] Run app\admin\behavior\AdminLog @app_end [ RunTime:0.000081s ]
[ info ] [ BEHAVIOR ] Run \addons\apilog\Apilog @response_send [ RunTime:0.000021s ]
[ info ] [ LOG ] INIT File
---------------------------------------------------------------
[ 2025-12-14T19:12:04+08:00 ] 127.0.0.1 GET fadmin.localhost.cn/jnBIzEyaWQ.php/dashboard?addtabs=1
[运行时间：0.227358s] [吞吐率：4.40req/s] [内存消耗：4,703.63kb] [文件加载：98]
[ info ] [ BEHAVIOR ] Run Closure @app_init [ RunTime:0.000016s ]
[ info ] [ CACHE ] INIT File
[ info ] [ BEHAVIOR ] Run \addons\qrcode\Qrcode @app_init [ RunTime:0.002122s ]
[ info ] [ BEHAVIOR ] Run Closure @app_init [ RunTime:0.002140s ]
[ info ] [ BEHAVIOR ] Run app\common\behavior\Common @app_init [ RunTime:0.000307s ]
[ info ] [ LANG ] D:\share\fadmin\thinkphp\lang\zh-cn.php
[ info ] [ BEHAVIOR ] Run app\common\behavior\Common @app_dispatch [ RunTime:0.000012s ]
[ info ] [ ROUTE ] array (
  'type' => 'module',
  'module' => 
  array (
    0 => 'admin',
    1 => 'dashboard',
    2 => NULL,
  ),
)
[ info ] [ HEADER ] array (
  'cookie' => 'sidebar_collapse=0; PHPSESSID=h6m8ufqjbuh8pkhs7hjsp956hm',
  'accept-language' => 'zh-CN,zh;q=0.9',
  'accept-encoding' => 'gzip, deflate',
  'accept' => 'text/html,application/xhtml+xml,application/xml;q=0.9,image/avif,image/webp,image/apng,*/*;q=0.8,application/signed-exchange;v=b3;q=0.7',
  'user-agent' => 'Mozilla/5.0 (Windows NT 10.0; Win64; x64) AppleWebKit/537.36 (KHTML, like Gecko) Chrome/143.0.0.0 Safari/537.36',
  'upgrade-insecure-requests' => '1',
  'connection' => 'keep-alive',
  'host' => 'fadmin.localhost.cn',
  'content-length' => '',
  'content-type' => '',
)
[ info ] [ PARAM ] array (
  'addtabs' => '1',
)
[ info ] [ LANG ] D:\share\fadmin\public/../application/admin\lang\zh-cn.php
[ info ] [ BEHAVIOR ] Run app\common\behavior\Common @module_init [ RunTime:0.000731s ]
[ info ] [ BEHAVIOR ] Run \addons\apilog\Apilog @module_init [ RunTime:0.000031s ]
[ info ] [ SESSION ] INIT array (
  'id' => '',
  'var_session_id' => '',
  'prefix' => 'think',
  'type' => '',
  'auto_start' => true,
)
[ info ] [ DB ] INIT mysql
[ info ] [ BEHAVIOR ] Run \addons\betterform\Betterform @config_init [ RunTime:0.000176s ]
[ info ] [ BEHAVIOR ] Run \addons\encryptpwd\Encryptpwd @config_init [ RunTime:0.000111s ]
[ info ] [ BEHAVIOR ] Run \addons\summernote\Summernote @config_init [ RunTime:0.000117s ]
[ info ] [ LANG ] D:\share\fadmin\public/../application/admin/lang/zh-cn/dashboard.php
[ info ] [ BEHAVIOR ] Run \addons\encryptpwd\Encryptpwd @action_begin [ RunTime:0.000053s ]
[ info ] [ RUN ] app\admin\controller\Dashboard->index[ D:\share\fadmin\application\admin\controller\Dashboard.php ]
[ info ] [ VIEW ] D:\share\fadmin\public/../application/admin\view\dashboard\index.html [ array (
  0 => 'breadcrumb',
  1 => 'site',
  2 => 'config',
  3 => 'auth',
  4 => 'admin',
  5 => 'totaluser',
  6 => 'totaladdon',
  7 => 'totaladmin',
  8 => 'totalcategory',
  9 => 'todayusersignup',
  10 => 'todayuserlogin',
  11 => 'sevendau',
  12 => 'thirtydau',
  13 => 'threednu',
  14 => 'sevendnu',
  15 => 'dbtablenums',
  16 => 'dbsize',
  17 => 'totalworkingaddon',
  18 => 'attachmentnums',
  19 => 'attachmentsize',
  20 => 'picturenums',
  21 => 'picturesize',
) ]
[ info ] [ BEHAVIOR ] Run \addons\betterform\Betterform @view_filter [ RunTime:0.000164s ]
[ info ] [ BEHAVIOR ] Run app\admin\behavior\AdminLog @app_end [ RunTime:0.000093s ]
[ info ] [ BEHAVIOR ] Run \addons\apilog\Apilog @response_send [ RunTime:0.000029s ]
[ info ] [ LOG ] INIT File
---------------------------------------------------------------
[ 2025-12-14T19:12:04+08:00 ] 127.0.0.1 GET fadmin.localhost.cn/jnBIzEyaWQ.php/ajax/lang?callback=define&controllername=index&lang=zh-cn&v=1765710723
[运行时间：0.060087s] [吞吐率：16.64req/s] [内存消耗：3,556.14kb] [文件加载：87]
[ info ] [ BEHAVIOR ] Run Closure @app_init [ RunTime:0.000127s ]
[ info ] [ CACHE ] INIT File
[ info ] [ BEHAVIOR ] Run \addons\qrcode\Qrcode @app_init [ RunTime:0.002752s ]
[ info ] [ BEHAVIOR ] Run Closure @app_init [ RunTime:0.002771s ]
[ info ] [ BEHAVIOR ] Run app\common\behavior\Common @app_init [ RunTime:0.000414s ]
[ info ] [ LANG ] D:\share\fadmin\thinkphp\lang\zh-cn.php
[ info ] [ BEHAVIOR ] Run app\common\behavior\Common @app_dispatch [ RunTime:0.000024s ]
[ info ] [ ROUTE ] array (
  'type' => 'module',
  'module' => 
  array (
    0 => 'admin',
    1 => 'ajax',
    2 => 'lang',
  ),
)
[ info ] [ HEADER ] array (
  'cookie' => 'sidebar_collapse=0; PHPSESSID=h6m8ufqjbuh8pkhs7hjsp956hm',
  'accept-language' => 'zh-CN,zh;q=0.9',
  'accept-encoding' => 'gzip, deflate',
  'accept' => '*/*',
  'user-agent' => 'Mozilla/5.0 (Windows NT 10.0; Win64; x64) AppleWebKit/537.36 (KHTML, like Gecko) Chrome/143.0.0.0 Safari/537.36',
  'connection' => 'keep-alive',
  'host' => 'fadmin.localhost.cn',
  'content-length' => '',
  'content-type' => '',
)
[ info ] [ PARAM ] array (
  'callback' => 'define',
  'controllername' => 'index',
  'lang' => 'zh-cn',
  'v' => '1765710723',
)
[ info ] [ LANG ] D:\share\fadmin\public/../application/admin\lang\zh-cn.php
[ info ] [ BEHAVIOR ] Run app\common\behavior\Common @module_init [ RunTime:0.001664s ]
[ info ] [ BEHAVIOR ] Run \addons\apilog\Apilog @module_init [ RunTime:0.000065s ]
[ info ] [ SESSION ] INIT array (
  'id' => '',
  'var_session_id' => '',
  'prefix' => 'think',
  'type' => '',
  'auto_start' => true,
)
[ info ] [ BEHAVIOR ] Run \addons\betterform\Betterform @config_init [ RunTime:0.000434s ]
[ info ] [ BEHAVIOR ] Run \addons\encryptpwd\Encryptpwd @config_init [ RunTime:0.000272s ]
[ info ] [ BEHAVIOR ] Run \addons\summernote\Summernote @config_init [ RunTime:0.000269s ]
[ info ] [ LANG ] D:\share\fadmin\public/../application/admin/lang/zh-cn/ajax.php
[ info ] [ BEHAVIOR ] Run \addons\encryptpwd\Encryptpwd @action_begin [ RunTime:0.000097s ]
[ info ] [ RUN ] app\admin\controller\Ajax->lang[ D:\share\fadmin\application\admin\controller\Ajax.php ]
[ info ] [ LANG ] D:\share\fadmin\public/../application/admin/lang/zh-cn/index.php
[ info ] [ BEHAVIOR ] Run app\admin\behavior\AdminLog @app_end [ RunTime:0.000199s ]
[ info ] [ BEHAVIOR ] Run \addons\apilog\Apilog @response_send [ RunTime:0.000043s ]
[ info ] [ LOG ] INIT File
---------------------------------------------------------------
[ 2025-12-14T19:12:04+08:00 ] 127.0.0.1 GET fadmin.localhost.cn/jnBIzEyaWQ.php/ajax/lang?callback=define&controllername=dashboard&lang=zh-cn&v=1765710723
[运行时间：0.021450s] [吞吐率：46.62req/s] [内存消耗：3,526.24kb] [文件加载：87]
[ info ] [ BEHAVIOR ] Run Closure @app_init [ RunTime:0.000019s ]
[ info ] [ CACHE ] INIT File
[ info ] [ BEHAVIOR ] Run \addons\qrcode\Qrcode @app_init [ RunTime:0.001874s ]
[ info ] [ BEHAVIOR ] Run Closure @app_init [ RunTime:0.001891s ]
[ info ] [ BEHAVIOR ] Run app\common\behavior\Common @app_init [ RunTime:0.000354s ]
[ info ] [ LANG ] D:\share\fadmin\thinkphp\lang\zh-cn.php
[ info ] [ BEHAVIOR ] Run app\common\behavior\Common @app_dispatch [ RunTime:0.000015s ]
[ info ] [ ROUTE ] array (
  'type' => 'module',
  'module' => 
  array (
    0 => 'admin',
    1 => 'ajax',
    2 => 'lang',
  ),
)
[ info ] [ HEADER ] array (
  'cookie' => 'sidebar_collapse=0; PHPSESSID=h6m8ufqjbuh8pkhs7hjsp956hm',
  'accept-language' => 'zh-CN,zh;q=0.9',
  'accept-encoding' => 'gzip, deflate',
  'accept' => '*/*',
  'user-agent' => 'Mozilla/5.0 (Windows NT 10.0; Win64; x64) AppleWebKit/537.36 (KHTML, like Gecko) Chrome/143.0.0.0 Safari/537.36',
  'connection' => 'keep-alive',
  'host' => 'fadmin.localhost.cn',
  'content-length' => '',
  'content-type' => '',
)
[ info ] [ PARAM ] array (
  'callback' => 'define',
  'controllername' => 'dashboard',
  'lang' => 'zh-cn',
  'v' => '1765710723',
)
[ info ] [ LANG ] D:\share\fadmin\public/../application/admin\lang\zh-cn.php
[ info ] [ BEHAVIOR ] Run app\common\behavior\Common @module_init [ RunTime:0.000873s ]
[ info ] [ BEHAVIOR ] Run \addons\apilog\Apilog @module_init [ RunTime:0.000041s ]
[ info ] [ SESSION ] INIT array (
  'id' => '',
  'var_session_id' => '',
  'prefix' => 'think',
  'type' => '',
  'auto_start' => true,
)
[ info ] [ BEHAVIOR ] Run \addons\betterform\Betterform @config_init [ RunTime:0.000131s ]
[ info ] [ BEHAVIOR ] Run \addons\encryptpwd\Encryptpwd @config_init [ RunTime:0.000095s ]
[ info ] [ BEHAVIOR ] Run \addons\summernote\Summernote @config_init [ RunTime:0.000111s ]
[ info ] [ LANG ] D:\share\fadmin\public/../application/admin/lang/zh-cn/ajax.php
[ info ] [ BEHAVIOR ] Run \addons\encryptpwd\Encryptpwd @action_begin [ RunTime:0.000042s ]
[ info ] [ RUN ] app\admin\controller\Ajax->lang[ D:\share\fadmin\application\admin\controller\Ajax.php ]
[ info ] [ LANG ] D:\share\fadmin\public/../application/admin/lang/zh-cn/dashboard.php
[ info ] [ BEHAVIOR ] Run app\admin\behavior\AdminLog @app_end [ RunTime:0.000062s ]
[ info ] [ BEHAVIOR ] Run \addons\apilog\Apilog @response_send [ RunTime:0.000018s ]
[ info ] [ LOG ] INIT File
