[ 2025-12-16T22:56:53+08:00 ][ info ] [ BEHAVIOR ] Run Closure @app_init [ RunTime:0.000090s ]
[ info ] [ LOG ] INIT File
info
[ 2025-12-16T22:56:53+08:00 ][ info ] [ CACHE ] INIT File
info
[ 2025-12-16T22:56:53+08:00 ][ info ] [ BEHAVIOR ] Run \addons\qrcode\Qrcode @app_init [ RunTime:0.002370s ]
info
[ 2025-12-16T22:56:53+08:00 ][ info ] [ BEHAVIOR ] Run Closure @app_init [ RunTime:0.002751s ]
info
[ 2025-12-16T22:56:53+08:00 ][ info ] [ BEHAVIOR ] Run app\common\behavior\Common @app_init [ RunTime:0.000548s ]
info
[ 2025-12-16T22:56:53+08:00 ][ info ] [ LANG ] D:\share\fadmin\thinkphp\lang\zh-cn.php
info
[ 2025-12-16T22:56:53+08:00 ][ info ] [ BEHAVIOR ] Run app\common\behavior\Common @app_dispatch [ RunTime:0.000017s ]
info
[ 2025-12-16T22:56:53+08:00 ][ info ] [ ROUTE ] array (
  'type' => 'module',
  'module' => 
  array (
    0 => 'admin',
    1 => 'start',
    2 => NULL,
  ),
)
info
[ 2025-12-16T22:56:53+08:00 ][ info ] [ HEADER ] array (
)
info
[ 2025-12-16T22:56:53+08:00 ][ info ] [ PARAM ] array (
)
info
[ 2025-12-16T22:56:53+08:00 ][ info ] [ LANG ] D:\share\fadmin\public/../application/admin\lang\zh-cn.php
info
[ 2025-12-16T22:56:53+08:00 ][ info ] [ BEHAVIOR ] Run app\common\behavior\Common @module_init [ RunTime:0.000816s ]
info
[ 2025-12-16T22:56:53+08:00 ][ info ] [ BEHAVIOR ] Run \addons\apilog\Apilog @module_init [ RunTime:0.000028s ]
info
[ 2025-12-16T22:56:53+08:00 ][ info ] [ BEHAVIOR ] Run \addons\encryptpwd\Encryptpwd @action_begin [ RunTime:0.000177s ]
info
[ 2025-12-16T22:56:53+08:00 ][ info ] [ RUN ] app\admin\controller\Start->index[ D:\share\fadmin\application\admin\controller\Start.php ]
info
[ 2025-12-16T23:07:25+08:00 ][ info ] [ BEHAVIOR ] Run Closure @app_init [ RunTime:0.000093s ]
[ info ] [ LOG ] INIT File
info
[ 2025-12-16T23:07:25+08:00 ][ info ] [ CACHE ] INIT File
info
[ 2025-12-16T23:07:25+08:00 ][ info ] [ BEHAVIOR ] Run \addons\qrcode\Qrcode @app_init [ RunTime:0.002710s ]
info
[ 2025-12-16T23:07:25+08:00 ][ info ] [ BEHAVIOR ] Run Closure @app_init [ RunTime:0.003009s ]
info
[ 2025-12-16T23:07:25+08:00 ][ info ] [ BEHAVIOR ] Run app\common\behavior\Common @app_init [ RunTime:0.000451s ]
info
[ 2025-12-16T23:07:25+08:00 ][ info ] [ LANG ] D:\share\fadmin\thinkphp\lang\zh-cn.php
info
[ 2025-12-16T23:07:25+08:00 ][ info ] [ BEHAVIOR ] Run app\common\behavior\Common @app_dispatch [ RunTime:0.000017s ]
info
[ 2025-12-16T23:07:25+08:00 ][ info ] [ ROUTE ] array (
  'type' => 'module',
  'module' => 
  array (
    0 => 'admin',
    1 => 'start',
    2 => NULL,
  ),
)
info
[ 2025-12-16T23:07:25+08:00 ][ info ] [ HEADER ] array (
)
info
[ 2025-12-16T23:07:25+08:00 ][ info ] [ PARAM ] array (
)
info
[ 2025-12-16T23:07:25+08:00 ][ info ] [ LANG ] D:\share\fadmin\public/../application/admin\lang\zh-cn.php
info
[ 2025-12-16T23:07:25+08:00 ][ info ] [ BEHAVIOR ] Run app\common\behavior\Common @module_init [ RunTime:0.000850s ]
info
[ 2025-12-16T23:07:25+08:00 ][ info ] [ BEHAVIOR ] Run \addons\apilog\Apilog @module_init [ RunTime:0.000030s ]
info
[ 2025-12-16T23:07:25+08:00 ][ info ] [ BEHAVIOR ] Run \addons\encryptpwd\Encryptpwd @action_begin [ RunTime:0.000145s ]
info
[ 2025-12-16T23:07:25+08:00 ][ info ] [ RUN ] app\admin\controller\Start->index[ D:\share\fadmin\application\admin\controller\Start.php ]
info
[ 2025-12-16T23:07:26+08:00 ][ info ] [ DB ] INIT mysql
info
[ 2025-12-16T23:07:26+08:00 ][ error ] [10501]SQLSTATE[42S22]: Column not found: 1054 Unknown column 'update_time' in 'where clause'[D:\share\fadmin\thinkphp\library\think\db\Connection.php:453]
error
[ 2025-12-16T23:07:36+08:00 ][ info ] [ BEHAVIOR ] Run Closure @app_init [ RunTime:0.000108s ]
[ info ] [ LOG ] INIT File
info
[ 2025-12-16T23:07:36+08:00 ][ info ] [ CACHE ] INIT File
info
[ 2025-12-16T23:07:36+08:00 ][ info ] [ BEHAVIOR ] Run \addons\qrcode\Qrcode @app_init [ RunTime:0.002626s ]
info
[ 2025-12-16T23:07:36+08:00 ][ info ] [ BEHAVIOR ] Run Closure @app_init [ RunTime:0.002854s ]
info
[ 2025-12-16T23:07:36+08:00 ][ info ] [ BEHAVIOR ] Run app\common\behavior\Common @app_init [ RunTime:0.000410s ]
info
[ 2025-12-16T23:07:36+08:00 ][ info ] [ LANG ] D:\share\fadmin\thinkphp\lang\zh-cn.php
info
[ 2025-12-16T23:07:36+08:00 ][ info ] [ BEHAVIOR ] Run app\common\behavior\Common @app_dispatch [ RunTime:0.000018s ]
info
[ 2025-12-16T23:07:36+08:00 ][ info ] [ ROUTE ] array (
  'type' => 'module',
  'module' => 
  array (
    0 => 'admin',
    1 => 'start',
    2 => NULL,
  ),
)
info
[ 2025-12-16T23:07:36+08:00 ][ info ] [ HEADER ] array (
)
info
[ 2025-12-16T23:07:36+08:00 ][ info ] [ PARAM ] array (
)
info
[ 2025-12-16T23:07:36+08:00 ][ info ] [ LANG ] D:\share\fadmin\public/../application/admin\lang\zh-cn.php
info
[ 2025-12-16T23:07:36+08:00 ][ info ] [ BEHAVIOR ] Run app\common\behavior\Common @module_init [ RunTime:0.000850s ]
info
[ 2025-12-16T23:07:36+08:00 ][ info ] [ BEHAVIOR ] Run \addons\apilog\Apilog @module_init [ RunTime:0.000028s ]
info
[ 2025-12-16T23:07:36+08:00 ][ info ] [ BEHAVIOR ] Run \addons\encryptpwd\Encryptpwd @action_begin [ RunTime:0.000139s ]
info
[ 2025-12-16T23:07:36+08:00 ][ info ] [ RUN ] app\admin\controller\Start->index[ D:\share\fadmin\application\admin\controller\Start.php ]
info
[ 2025-12-16T23:07:37+08:00 ][ info ] [ DB ] INIT mysql
info
[ 2025-12-16T23:07:37+08:00 ][ error ] [10501]SQLSTATE[42S22]: Column not found: 1054 Unknown column 'update_time' in 'where clause'[D:\share\fadmin\thinkphp\library\think\db\Connection.php:453]
error
[ 2025-12-16T23:07:53+08:00 ][ info ] [ BEHAVIOR ] Run Closure @app_init [ RunTime:0.000092s ]
[ info ] [ LOG ] INIT File
info
[ 2025-12-16T23:07:53+08:00 ][ info ] [ CACHE ] INIT File
info
[ 2025-12-16T23:07:53+08:00 ][ info ] [ BEHAVIOR ] Run \addons\qrcode\Qrcode @app_init [ RunTime:0.002065s ]
info
[ 2025-12-16T23:07:53+08:00 ][ info ] [ BEHAVIOR ] Run Closure @app_init [ RunTime:0.002243s ]
info
[ 2025-12-16T23:07:53+08:00 ][ info ] [ BEHAVIOR ] Run app\common\behavior\Common @app_init [ RunTime:0.000410s ]
info
[ 2025-12-16T23:07:53+08:00 ][ info ] [ LANG ] D:\share\fadmin\thinkphp\lang\zh-cn.php
info
[ 2025-12-16T23:07:53+08:00 ][ info ] [ BEHAVIOR ] Run app\common\behavior\Common @app_dispatch [ RunTime:0.000014s ]
info
[ 2025-12-16T23:07:53+08:00 ][ info ] [ ROUTE ] array (
  'type' => 'module',
  'module' => 
  array (
    0 => 'admin',
    1 => 'start',
    2 => NULL,
  ),
)
info
[ 2025-12-16T23:07:53+08:00 ][ info ] [ HEADER ] array (
)
info
[ 2025-12-16T23:07:53+08:00 ][ info ] [ PARAM ] array (
)
info
[ 2025-12-16T23:07:53+08:00 ][ info ] [ LANG ] D:\share\fadmin\public/../application/admin\lang\zh-cn.php
info
[ 2025-12-16T23:07:53+08:00 ][ info ] [ BEHAVIOR ] Run app\common\behavior\Common @module_init [ RunTime:0.001944s ]
info
[ 2025-12-16T23:07:53+08:00 ][ info ] [ BEHAVIOR ] Run \addons\apilog\Apilog @module_init [ RunTime:0.000060s ]
info
[ 2025-12-16T23:07:53+08:00 ][ info ] [ BEHAVIOR ] Run \addons\encryptpwd\Encryptpwd @action_begin [ RunTime:0.000156s ]
info
[ 2025-12-16T23:07:53+08:00 ][ info ] [ RUN ] app\admin\controller\Start->index[ D:\share\fadmin\application\admin\controller\Start.php ]
info
[ 2025-12-16T23:07:54+08:00 ][ info ] [ DB ] INIT mysql
info
[ 2025-12-16T23:16:31+08:00 ][ info ] [ BEHAVIOR ] Run Closure @app_init [ RunTime:0.000100s ]
[ info ] [ LOG ] INIT File
info
[ 2025-12-16T23:16:31+08:00 ][ info ] [ CACHE ] INIT File
info
[ 2025-12-16T23:16:31+08:00 ][ info ] [ BEHAVIOR ] Run \addons\qrcode\Qrcode @app_init [ RunTime:0.002892s ]
info
[ 2025-12-16T23:16:31+08:00 ][ info ] [ BEHAVIOR ] Run Closure @app_init [ RunTime:0.003244s ]
info
[ 2025-12-16T23:16:31+08:00 ][ info ] [ BEHAVIOR ] Run app\common\behavior\Common @app_init [ RunTime:0.000434s ]
info
[ 2025-12-16T23:16:31+08:00 ][ info ] [ LANG ] D:\share\fadmin\thinkphp\lang\zh-cn.php
info
[ 2025-12-16T23:16:31+08:00 ][ info ] [ BEHAVIOR ] Run app\common\behavior\Common @app_dispatch [ RunTime:0.000018s ]
info
[ 2025-12-16T23:16:31+08:00 ][ info ] [ ROUTE ] array (
  'type' => 'module',
  'module' => 
  array (
    0 => 'admin',
    1 => 'start',
    2 => NULL,
  ),
)
info
[ 2025-12-16T23:16:31+08:00 ][ info ] [ HEADER ] array (
)
info
[ 2025-12-16T23:16:31+08:00 ][ info ] [ PARAM ] array (
)
info
[ 2025-12-16T23:16:31+08:00 ][ info ] [ LANG ] D:\share\fadmin\public/../application/admin\lang\zh-cn.php
info
[ 2025-12-16T23:16:31+08:00 ][ info ] [ BEHAVIOR ] Run app\common\behavior\Common @module_init [ RunTime:0.000836s ]
info
[ 2025-12-16T23:16:31+08:00 ][ info ] [ BEHAVIOR ] Run \addons\apilog\Apilog @module_init [ RunTime:0.000029s ]
info
[ 2025-12-16T23:16:31+08:00 ][ info ] [ BEHAVIOR ] Run \addons\encryptpwd\Encryptpwd @action_begin [ RunTime:0.000137s ]
info
[ 2025-12-16T23:16:31+08:00 ][ info ] [ RUN ] app\admin\controller\Start->index[ D:\share\fadmin\application\admin\controller\Start.php ]
info
[ 2025-12-16T23:16:32+08:00 ][ info ] [ DB ] INIT mysql
info
[ 2025-12-16T23:19:49+08:00 ][ info ] [ BEHAVIOR ] Run Closure @app_init [ RunTime:0.000087s ]
[ info ] [ LOG ] INIT File
info
[ 2025-12-16T23:19:49+08:00 ][ info ] [ CACHE ] INIT File
info
[ 2025-12-16T23:19:49+08:00 ][ info ] [ BEHAVIOR ] Run \addons\qrcode\Qrcode @app_init [ RunTime:0.002734s ]
info
[ 2025-12-16T23:19:49+08:00 ][ info ] [ BEHAVIOR ] Run Closure @app_init [ RunTime:0.003021s ]
info
[ 2025-12-16T23:19:49+08:00 ][ info ] [ BEHAVIOR ] Run app\common\behavior\Common @app_init [ RunTime:0.000555s ]
info
[ 2025-12-16T23:19:49+08:00 ][ info ] [ LANG ] D:\share\fadmin\thinkphp\lang\zh-cn.php
info
[ 2025-12-16T23:19:49+08:00 ][ info ] [ BEHAVIOR ] Run app\common\behavior\Common @app_dispatch [ RunTime:0.000021s ]
info
[ 2025-12-16T23:19:49+08:00 ][ info ] [ ROUTE ] array (
  'type' => 'module',
  'module' => 
  array (
    0 => 'admin',
    1 => 'start',
    2 => NULL,
  ),
)
info
[ 2025-12-16T23:19:49+08:00 ][ info ] [ HEADER ] array (
)
info
[ 2025-12-16T23:19:49+08:00 ][ info ] [ PARAM ] array (
)
info
[ 2025-12-16T23:19:49+08:00 ][ info ] [ LANG ] D:\share\fadmin\public/../application/admin\lang\zh-cn.php
info
[ 2025-12-16T23:19:49+08:00 ][ info ] [ BEHAVIOR ] Run app\common\behavior\Common @module_init [ RunTime:0.001322s ]
info
[ 2025-12-16T23:19:49+08:00 ][ info ] [ BEHAVIOR ] Run \addons\apilog\Apilog @module_init [ RunTime:0.000051s ]
info
[ 2025-12-16T23:19:49+08:00 ][ info ] [ BEHAVIOR ] Run \addons\encryptpwd\Encryptpwd @action_begin [ RunTime:0.000152s ]
info
[ 2025-12-16T23:19:49+08:00 ][ info ] [ RUN ] app\admin\controller\Start->index[ D:\share\fadmin\application\admin\controller\Start.php ]
info
[ 2025-12-16T23:19:50+08:00 ][ info ] [ DB ] INIT mysql
info
[ 2025-12-16T23:22:26+08:00 ][ info ] [ BEHAVIOR ] Run Closure @app_init [ RunTime:0.000115s ]
[ info ] [ LOG ] INIT File
info
[ 2025-12-16T23:22:26+08:00 ][ info ] [ CACHE ] INIT File
info
[ 2025-12-16T23:22:26+08:00 ][ info ] [ BEHAVIOR ] Run \addons\qrcode\Qrcode @app_init [ RunTime:0.002266s ]
info
[ 2025-12-16T23:22:26+08:00 ][ info ] [ BEHAVIOR ] Run Closure @app_init [ RunTime:0.002494s ]
info
[ 2025-12-16T23:22:26+08:00 ][ info ] [ BEHAVIOR ] Run app\common\behavior\Common @app_init [ RunTime:0.000441s ]
info
[ 2025-12-16T23:22:26+08:00 ][ info ] [ LANG ] D:\share\fadmin\thinkphp\lang\zh-cn.php
info
[ 2025-12-16T23:22:26+08:00 ][ info ] [ BEHAVIOR ] Run app\common\behavior\Common @app_dispatch [ RunTime:0.000017s ]
info
[ 2025-12-16T23:22:26+08:00 ][ info ] [ ROUTE ] array (
  'type' => 'module',
  'module' => 
  array (
    0 => 'admin',
    1 => 'start',
    2 => NULL,
  ),
)
info
[ 2025-12-16T23:22:26+08:00 ][ info ] [ HEADER ] array (
)
info
[ 2025-12-16T23:22:26+08:00 ][ info ] [ PARAM ] array (
)
info
[ 2025-12-16T23:22:26+08:00 ][ info ] [ LANG ] D:\share\fadmin\public/../application/admin\lang\zh-cn.php
info
[ 2025-12-16T23:22:26+08:00 ][ info ] [ BEHAVIOR ] Run app\common\behavior\Common @module_init [ RunTime:0.000802s ]
info
[ 2025-12-16T23:22:26+08:00 ][ info ] [ BEHAVIOR ] Run \addons\apilog\Apilog @module_init [ RunTime:0.000034s ]
info
[ 2025-12-16T23:22:26+08:00 ][ info ] [ BEHAVIOR ] Run \addons\encryptpwd\Encryptpwd @action_begin [ RunTime:0.000132s ]
info
[ 2025-12-16T23:22:26+08:00 ][ info ] [ RUN ] app\admin\controller\Start->index[ D:\share\fadmin\application\admin\controller\Start.php ]
info
[ 2025-12-16T23:22:27+08:00 ][ info ] [ DB ] INIT mysql
info
[ 2025-12-16T23:26:55+08:00 ][ info ] [ BEHAVIOR ] Run Closure @app_init [ RunTime:0.000114s ]
[ info ] [ LOG ] INIT File
info
[ 2025-12-16T23:26:55+08:00 ][ info ] [ CACHE ] INIT File
info
[ 2025-12-16T23:26:55+08:00 ][ info ] [ BEHAVIOR ] Run \addons\qrcode\Qrcode @app_init [ RunTime:0.002319s ]
info
[ 2025-12-16T23:26:55+08:00 ][ info ] [ BEHAVIOR ] Run Closure @app_init [ RunTime:0.002544s ]
info
[ 2025-12-16T23:26:55+08:00 ][ info ] [ BEHAVIOR ] Run app\common\behavior\Common @app_init [ RunTime:0.000426s ]
info
[ 2025-12-16T23:26:55+08:00 ][ info ] [ LANG ] D:\share\fadmin\thinkphp\lang\zh-cn.php
info
[ 2025-12-16T23:26:55+08:00 ][ info ] [ BEHAVIOR ] Run app\common\behavior\Common @app_dispatch [ RunTime:0.000016s ]
info
[ 2025-12-16T23:26:55+08:00 ][ info ] [ ROUTE ] array (
  'type' => 'module',
  'module' => 
  array (
    0 => 'admin',
    1 => 'start',
    2 => NULL,
  ),
)
info
[ 2025-12-16T23:26:55+08:00 ][ info ] [ HEADER ] array (
)
info
[ 2025-12-16T23:26:55+08:00 ][ info ] [ PARAM ] array (
)
info
[ 2025-12-16T23:26:55+08:00 ][ info ] [ LANG ] D:\share\fadmin\public/../application/admin\lang\zh-cn.php
info
[ 2025-12-16T23:26:55+08:00 ][ info ] [ BEHAVIOR ] Run app\common\behavior\Common @module_init [ RunTime:0.000877s ]
info
[ 2025-12-16T23:26:55+08:00 ][ info ] [ BEHAVIOR ] Run \addons\apilog\Apilog @module_init [ RunTime:0.000027s ]
info
[ 2025-12-16T23:26:55+08:00 ][ info ] [ BEHAVIOR ] Run \addons\encryptpwd\Encryptpwd @action_begin [ RunTime:0.000138s ]
info
[ 2025-12-16T23:26:55+08:00 ][ info ] [ RUN ] app\admin\controller\Start->index[ D:\share\fadmin\application\admin\controller\Start.php ]
info
[ 2025-12-16T23:26:56+08:00 ][ info ] [ DB ] INIT mysql
info
[ 2025-12-16T23:28:45+08:00 ][ info ] [ BEHAVIOR ] Run Closure @app_init [ RunTime:0.000095s ]
[ info ] [ LOG ] INIT File
info
[ 2025-12-16T23:28:45+08:00 ][ info ] [ CACHE ] INIT File
info
[ 2025-12-16T23:28:45+08:00 ][ info ] [ BEHAVIOR ] Run \addons\qrcode\Qrcode @app_init [ RunTime:0.002031s ]
info
[ 2025-12-16T23:28:45+08:00 ][ info ] [ BEHAVIOR ] Run Closure @app_init [ RunTime:0.002273s ]
info
[ 2025-12-16T23:28:45+08:00 ][ info ] [ BEHAVIOR ] Run app\common\behavior\Common @app_init [ RunTime:0.000538s ]
info
[ 2025-12-16T23:28:45+08:00 ][ info ] [ LANG ] D:\share\fadmin\thinkphp\lang\zh-cn.php
info
[ 2025-12-16T23:28:45+08:00 ][ info ] [ BEHAVIOR ] Run app\common\behavior\Common @app_dispatch [ RunTime:0.000018s ]
info
[ 2025-12-16T23:28:45+08:00 ][ info ] [ ROUTE ] array (
  'type' => 'module',
  'module' => 
  array (
    0 => 'admin',
    1 => 'start',
    2 => NULL,
  ),
)
info
[ 2025-12-16T23:28:45+08:00 ][ info ] [ HEADER ] array (
)
info
[ 2025-12-16T23:28:45+08:00 ][ info ] [ PARAM ] array (
)
info
[ 2025-12-16T23:28:45+08:00 ][ info ] [ LANG ] D:\share\fadmin\public/../application/admin\lang\zh-cn.php
info
[ 2025-12-16T23:28:45+08:00 ][ info ] [ BEHAVIOR ] Run app\common\behavior\Common @module_init [ RunTime:0.001517s ]
info
[ 2025-12-16T23:28:45+08:00 ][ info ] [ BEHAVIOR ] Run \addons\apilog\Apilog @module_init [ RunTime:0.000053s ]
info
[ 2025-12-16T23:28:45+08:00 ][ info ] [ BEHAVIOR ] Run \addons\encryptpwd\Encryptpwd @action_begin [ RunTime:0.000148s ]
info
[ 2025-12-16T23:28:45+08:00 ][ info ] [ RUN ] app\admin\controller\Start->index[ D:\share\fadmin\application\admin\controller\Start.php ]
info
[ 2025-12-16T23:28:46+08:00 ][ info ] [ DB ] INIT mysql
info
[ 2025-12-16T23:56:01+08:00 ][ info ] [ BEHAVIOR ] Run Closure @app_init [ RunTime:0.000092s ]
[ info ] [ LOG ] INIT File
info
[ 2025-12-16T23:56:01+08:00 ][ info ] [ CACHE ] INIT File
info
[ 2025-12-16T23:56:01+08:00 ][ info ] [ BEHAVIOR ] Run \addons\qrcode\Qrcode @app_init [ RunTime:0.002093s ]
info
[ 2025-12-16T23:56:01+08:00 ][ info ] [ BEHAVIOR ] Run Closure @app_init [ RunTime:0.002276s ]
info
[ 2025-12-16T23:56:01+08:00 ][ info ] [ BEHAVIOR ] Run app\common\behavior\Common @app_init [ RunTime:0.000820s ]
info
[ 2025-12-16T23:56:01+08:00 ][ info ] [ LANG ] D:\share\fadmin\thinkphp\lang\zh-cn.php
info
[ 2025-12-16T23:56:01+08:00 ][ info ] [ BEHAVIOR ] Run app\common\behavior\Common @app_dispatch [ RunTime:0.000023s ]
info
[ 2025-12-16T23:56:01+08:00 ][ info ] [ ROUTE ] array (
  'type' => 'module',
  'module' => 
  array (
    0 => 'admin',
    1 => 'start',
    2 => NULL,
  ),
)
info
[ 2025-12-16T23:56:01+08:00 ][ info ] [ HEADER ] array (
)
info
[ 2025-12-16T23:56:01+08:00 ][ info ] [ PARAM ] array (
)
info
[ 2025-12-16T23:56:01+08:00 ][ info ] [ LANG ] D:\share\fadmin\public/../application/admin\lang\zh-cn.php
info
[ 2025-12-16T23:56:01+08:00 ][ info ] [ BEHAVIOR ] Run app\common\behavior\Common @module_init [ RunTime:0.001124s ]
info
[ 2025-12-16T23:56:01+08:00 ][ info ] [ BEHAVIOR ] Run \addons\apilog\Apilog @module_init [ RunTime:0.000051s ]
info
[ 2025-12-16T23:56:01+08:00 ][ info ] [ BEHAVIOR ] Run \addons\encryptpwd\Encryptpwd @action_begin [ RunTime:0.000154s ]
info
[ 2025-12-16T23:56:01+08:00 ][ info ] [ RUN ] app\admin\controller\Start->index[ D:\share\fadmin\application\admin\controller\Start.php ]
info
[ 2025-12-16T23:56:02+08:00 ][ info ] [ DB ] INIT mysql
info
[ 2025-12-16T23:59:05+08:00 ][ info ] [ BEHAVIOR ] Run Closure @app_init [ RunTime:0.000098s ]
[ info ] [ LOG ] INIT File
info
[ 2025-12-16T23:59:05+08:00 ][ info ] [ CACHE ] INIT File
info
[ 2025-12-16T23:59:05+08:00 ][ info ] [ BEHAVIOR ] Run \addons\qrcode\Qrcode @app_init [ RunTime:0.002315s ]
info
[ 2025-12-16T23:59:05+08:00 ][ info ] [ BEHAVIOR ] Run Closure @app_init [ RunTime:0.002546s ]
info
[ 2025-12-16T23:59:05+08:00 ][ info ] [ BEHAVIOR ] Run app\common\behavior\Common @app_init [ RunTime:0.000433s ]
info
[ 2025-12-16T23:59:05+08:00 ][ info ] [ LANG ] D:\share\fadmin\thinkphp\lang\zh-cn.php
info
[ 2025-12-16T23:59:05+08:00 ][ info ] [ BEHAVIOR ] Run app\common\behavior\Common @app_dispatch [ RunTime:0.000017s ]
info
[ 2025-12-16T23:59:05+08:00 ][ info ] [ ROUTE ] array (
  'type' => 'module',
  'module' => 
  array (
    0 => 'admin',
    1 => 'start',
    2 => NULL,
  ),
)
info
[ 2025-12-16T23:59:05+08:00 ][ info ] [ HEADER ] array (
)
info
[ 2025-12-16T23:59:05+08:00 ][ info ] [ PARAM ] array (
)
info
[ 2025-12-16T23:59:05+08:00 ][ info ] [ LANG ] D:\share\fadmin\public/../application/admin\lang\zh-cn.php
info
[ 2025-12-16T23:59:05+08:00 ][ info ] [ BEHAVIOR ] Run app\common\behavior\Common @module_init [ RunTime:0.000944s ]
info
[ 2025-12-16T23:59:05+08:00 ][ info ] [ BEHAVIOR ] Run \addons\apilog\Apilog @module_init [ RunTime:0.000046s ]
info
[ 2025-12-16T23:59:05+08:00 ][ info ] [ BEHAVIOR ] Run \addons\encryptpwd\Encryptpwd @action_begin [ RunTime:0.000154s ]
info
[ 2025-12-16T23:59:05+08:00 ][ info ] [ RUN ] app\admin\controller\Start->index[ D:\share\fadmin\application\admin\controller\Start.php ]
info
[ 2025-12-16T23:59:06+08:00 ][ info ] [ DB ] INIT mysql
info
