[ 2025-12-17T00:53:45+08:00 ][ info ] [ BEHAVIOR ] Run Closure @app_init [ RunTime:0.000125s ]
[ info ] [ LOG ] INIT File
info
[ 2025-12-17T00:53:45+08:00 ][ info ] [ CACHE ] INIT File
info
[ 2025-12-17T00:53:45+08:00 ][ info ] [ BEHAVIOR ] Run \addons\qrcode\Qrcode @app_init [ RunTime:0.002134s ]
info
[ 2025-12-17T00:53:45+08:00 ][ info ] [ BEHAVIOR ] Run Closure @app_init [ RunTime:0.002428s ]
info
[ 2025-12-17T00:53:45+08:00 ][ info ] [ BEHAVIOR ] Run app\common\behavior\Common @app_init [ RunTime:0.000412s ]
info
[ 2025-12-17T00:53:45+08:00 ][ info ] [ LANG ] D:\share\fadmin\thinkphp\lang\zh-cn.php
info
[ 2025-12-17T00:53:45+08:00 ][ info ] [ BEHAVIOR ] Run app\common\behavior\Common @app_dispatch [ RunTime:0.000017s ]
info
[ 2025-12-17T00:53:45+08:00 ][ info ] [ ROUTE ] array (
  'type' => 'module',
  'module' => 
  array (
    0 => 'admin',
    1 => 'start',
    2 => NULL,
  ),
)
info
[ 2025-12-17T00:53:45+08:00 ][ info ] [ HEADER ] array (
)
info
[ 2025-12-17T00:53:45+08:00 ][ info ] [ PARAM ] array (
)
info
[ 2025-12-17T00:53:45+08:00 ][ info ] [ LANG ] D:\share\fadmin\public/../application/admin\lang\zh-cn.php
info
[ 2025-12-17T00:53:45+08:00 ][ info ] [ BEHAVIOR ] Run app\common\behavior\Common @module_init [ RunTime:0.001710s ]
info
[ 2025-12-17T00:53:45+08:00 ][ info ] [ BEHAVIOR ] Run \addons\apilog\Apilog @module_init [ RunTime:0.000055s ]
info
[ 2025-12-17T00:53:45+08:00 ][ info ] [ BEHAVIOR ] Run \addons\encryptpwd\Encryptpwd @action_begin [ RunTime:0.000151s ]
info
[ 2025-12-17T00:53:45+08:00 ][ info ] [ RUN ] app\admin\controller\Start->index[ D:\share\fadmin\application\admin\controller\Start.php ]
info
[ 2025-12-17T00:53:50+08:00 ][ info ] [ DB ] INIT mysql
info
