---------------------------------------------------------------
[ 2025-12-25T12:52:03+08:00 ] 192.168.1.4 POST 192.168.1.179/api/test
[运行时间：0.108149s] [吞吐率：9.25req/s] [内存消耗：4,027.95kb] [文件加载：87]
[ info ] [ BEHAVIOR ] Run Closure @app_init [ RunTime:0.000107s ]
[ info ] [ CACHE ] INIT File
[ info ] [ BEHAVIOR ] Run \addons\qrcode\Qrcode @app_init [ RunTime:0.005943s ]
[ info ] [ BEHAVIOR ] Run Closure @app_init [ RunTime:0.005960s ]
[ info ] [ BEHAVIOR ] Run app\common\behavior\Common @app_init [ RunTime:0.001011s ]
[ info ] [ LANG ] D:\share\fadmin\thinkphp\lang\zh-cn.php
[ info ] [ BEHAVIOR ] Run app\common\behavior\Common @app_dispatch [ RunTime:0.000022s ]
[ info ] [ ROUTE ] array (
  'type' => 'module',
  'module' => 
  array (
    0 => 'api',
    1 => 'test',
    2 => NULL,
  ),
)
[ info ] [ HEADER ] array (
  'user-agent' => 'okhttp/4.12.0',
  'accept-encoding' => 'gzip',
  'connection' => 'Keep-Alive',
  'host' => '192.168.1.179',
  'content-length' => '138',
  'content-type' => 'application/x-www-form-urlencoded',
)
[ info ] [ PARAM ] array (
  'code' => 'QDSWW',
  'androidId' => 'a8e75c4ed8ebfbb8',
  'content' => 'https://www.tokenpocket.pro/terms-zh/index.html',
  'packageName' => 'com.mathwallet.android',
)
[ info ] [ LANG ] D:\share\fadmin\public/../application/api\lang\zh-cn.php
[ info ] [ BEHAVIOR ] Run app\common\behavior\Common @module_init [ RunTime:0.001308s ]
[ info ] [ BEHAVIOR ] Run \addons\apilog\Apilog @module_init [ RunTime:0.000596s ]
[ info ] [ BEHAVIOR ] Run \addons\encryptpwd\Encryptpwd @action_begin [ RunTime:0.000429s ]
[ info ] [ RUN ] app\api\controller\Test->index[ D:\share\fadmin\application\api\controller\Test.php ]
[ info ] [ DB ] INIT mysql
[ info ] [ BEHAVIOR ] Run \addons\apilog\Apilog @response_send [ RunTime:0.051893s ]
[ info ] [ LOG ] INIT File
---------------------------------------------------------------
[ 2025-12-25T12:52:04+08:00 ] 192.168.1.4 POST 192.168.1.179/api/test
[运行时间：0.034931s] [吞吐率：28.63req/s] [内存消耗：4,027.96kb] [文件加载：87]
[ info ] [ BEHAVIOR ] Run Closure @app_init [ RunTime:0.000012s ]
[ info ] [ CACHE ] INIT File
[ info ] [ BEHAVIOR ] Run \addons\qrcode\Qrcode @app_init [ RunTime:0.001618s ]
[ info ] [ BEHAVIOR ] Run Closure @app_init [ RunTime:0.001631s ]
[ info ] [ BEHAVIOR ] Run app\common\behavior\Common @app_init [ RunTime:0.000268s ]
[ info ] [ LANG ] D:\share\fadmin\thinkphp\lang\zh-cn.php
[ info ] [ BEHAVIOR ] Run app\common\behavior\Common @app_dispatch [ RunTime:0.000011s ]
[ info ] [ ROUTE ] array (
  'type' => 'module',
  'module' => 
  array (
    0 => 'api',
    1 => 'test',
    2 => NULL,
  ),
)
[ info ] [ HEADER ] array (
  'user-agent' => 'okhttp/4.12.0',
  'accept-encoding' => 'gzip',
  'connection' => 'Keep-Alive',
  'host' => '192.168.1.179',
  'content-length' => '138',
  'content-type' => 'application/x-www-form-urlencoded',
)
[ info ] [ PARAM ] array (
  'code' => 'QDSWW',
  'androidId' => 'a8e75c4ed8ebfbb8',
  'content' => 'https://www.tokenpocket.pro/terms-zh/index.html',
  'packageName' => 'com.mathwallet.android',
)
[ info ] [ LANG ] D:\share\fadmin\public/../application/api\lang\zh-cn.php
[ info ] [ BEHAVIOR ] Run app\common\behavior\Common @module_init [ RunTime:0.000658s ]
[ info ] [ BEHAVIOR ] Run \addons\apilog\Apilog @module_init [ RunTime:0.000143s ]
[ info ] [ BEHAVIOR ] Run \addons\encryptpwd\Encryptpwd @action_begin [ RunTime:0.000130s ]
[ info ] [ RUN ] app\api\controller\Test->index[ D:\share\fadmin\application\api\controller\Test.php ]
[ info ] [ DB ] INIT mysql
[ info ] [ BEHAVIOR ] Run \addons\apilog\Apilog @response_send [ RunTime:0.017180s ]
[ info ] [ LOG ] INIT File
---------------------------------------------------------------
[ 2025-12-25T12:52:06+08:00 ] 192.168.1.4 POST 192.168.1.179/api/test
[运行时间：0.034321s] [吞吐率：29.14req/s] [内存消耗：4,027.96kb] [文件加载：87]
[ info ] [ BEHAVIOR ] Run Closure @app_init [ RunTime:0.000013s ]
[ info ] [ CACHE ] INIT File
[ info ] [ BEHAVIOR ] Run \addons\qrcode\Qrcode @app_init [ RunTime:0.001748s ]
[ info ] [ BEHAVIOR ] Run Closure @app_init [ RunTime:0.001761s ]
[ info ] [ BEHAVIOR ] Run app\common\behavior\Common @app_init [ RunTime:0.000273s ]
[ info ] [ LANG ] D:\share\fadmin\thinkphp\lang\zh-cn.php
[ info ] [ BEHAVIOR ] Run app\common\behavior\Common @app_dispatch [ RunTime:0.000013s ]
[ info ] [ ROUTE ] array (
  'type' => 'module',
  'module' => 
  array (
    0 => 'api',
    1 => 'test',
    2 => NULL,
  ),
)
[ info ] [ HEADER ] array (
  'user-agent' => 'okhttp/4.12.0',
  'accept-encoding' => 'gzip',
  'connection' => 'Keep-Alive',
  'host' => '192.168.1.179',
  'content-length' => '138',
  'content-type' => 'application/x-www-form-urlencoded',
)
[ info ] [ PARAM ] array (
  'code' => 'QDSWW',
  'androidId' => 'a8e75c4ed8ebfbb8',
  'content' => 'https://www.tokenpocket.pro/terms-zh/index.html',
  'packageName' => 'com.mathwallet.android',
)
[ info ] [ LANG ] D:\share\fadmin\public/../application/api\lang\zh-cn.php
[ info ] [ BEHAVIOR ] Run app\common\behavior\Common @module_init [ RunTime:0.000648s ]
[ info ] [ BEHAVIOR ] Run \addons\apilog\Apilog @module_init [ RunTime:0.000136s ]
[ info ] [ BEHAVIOR ] Run \addons\encryptpwd\Encryptpwd @action_begin [ RunTime:0.000121s ]
[ info ] [ RUN ] app\api\controller\Test->index[ D:\share\fadmin\application\api\controller\Test.php ]
[ info ] [ DB ] INIT mysql
[ info ] [ BEHAVIOR ] Run \addons\apilog\Apilog @response_send [ RunTime:0.016910s ]
[ info ] [ LOG ] INIT File
