---------------------------------------------------------------
[ 2026-01-09T17:17:57+08:00 ] 192.168.1.179 GET 192.168.1.179/api/test
[运行时间：0.197192s] [吞吐率：5.07req/s] [内存消耗：4,029.81kb] [文件加载：87]
[ info ] [ BEHAVIOR ] Run Closure @app_init [ RunTime:0.002522s ]
[ info ] [ CACHE ] INIT File
[ info ] [ BEHAVIOR ] Run \addons\qrcode\Qrcode @app_init [ RunTime:0.005885s ]
[ info ] [ BEHAVIOR ] Run Closure @app_init [ RunTime:0.005904s ]
[ info ] [ BEHAVIOR ] Run app\common\behavior\Common @app_init [ RunTime:0.001112s ]
[ info ] [ LANG ] D:\share\fadmin\thinkphp\lang\zh-cn.php
[ info ] [ BEHAVIOR ] Run app\common\behavior\Common @app_dispatch [ RunTime:0.000026s ]
[ info ] [ ROUTE ] array (
  'type' => 'module',
  'module' => 
  array (
    0 => 'api',
    1 => 'test',
    2 => NULL,
  ),
)
[ info ] [ HEADER ] array (
  'accept-language' => 'zh-CN,zh;q=0.9',
  'accept-encoding' => 'gzip, deflate',
  'accept' => 'text/html,application/xhtml+xml,application/xml;q=0.9,image/avif,image/webp,image/apng,*/*;q=0.8,application/signed-exchange;v=b3;q=0.7',
  'user-agent' => 'Mozilla/5.0 (Windows NT 10.0; Win64; x64) AppleWebKit/537.36 (KHTML, like Gecko) Chrome/143.0.0.0 Safari/537.36',
  'upgrade-insecure-requests' => '1',
  'connection' => 'keep-alive',
  'host' => '192.168.1.179',
  'content-length' => '',
  'content-type' => '',
)
[ info ] [ PARAM ] array (
)
[ info ] [ LANG ] D:\share\fadmin\public/../application/api\lang\zh-cn.php
[ info ] [ BEHAVIOR ] Run app\common\behavior\Common @module_init [ RunTime:0.001647s ]
[ info ] [ BEHAVIOR ] Run \addons\apilog\Apilog @module_init [ RunTime:0.000481s ]
[ info ] [ BEHAVIOR ] Run \addons\encryptpwd\Encryptpwd @action_begin [ RunTime:0.001369s ]
[ info ] [ RUN ] app\api\controller\Test->index[ D:\share\fadmin\application\api\controller\Test.php ]
[ info ] [ DB ] INIT mysql
[ info ] [ BEHAVIOR ] Run \addons\apilog\Apilog @response_send [ RunTime:0.126812s ]
[ info ] [ LOG ] INIT File
---------------------------------------------------------------
[ 2026-01-09T17:20:34+08:00 ] 192.168.1.179 GET 192.168.1.179/api/test
[运行时间：0.041354s] [吞吐率：24.18req/s] [内存消耗：4,029.79kb] [文件加载：87]
[ info ] [ BEHAVIOR ] Run Closure @app_init [ RunTime:0.000012s ]
[ info ] [ CACHE ] INIT File
[ info ] [ BEHAVIOR ] Run \addons\qrcode\Qrcode @app_init [ RunTime:0.002002s ]
[ info ] [ BEHAVIOR ] Run Closure @app_init [ RunTime:0.002015s ]
[ info ] [ BEHAVIOR ] Run app\common\behavior\Common @app_init [ RunTime:0.000346s ]
[ info ] [ LANG ] D:\share\fadmin\thinkphp\lang\zh-cn.php
[ info ] [ BEHAVIOR ] Run app\common\behavior\Common @app_dispatch [ RunTime:0.000014s ]
[ info ] [ ROUTE ] array (
  'type' => 'module',
  'module' => 
  array (
    0 => 'api',
    1 => 'test',
    2 => NULL,
  ),
)
[ info ] [ HEADER ] array (
  'accept-language' => 'zh-CN,zh;q=0.9',
  'accept-encoding' => 'gzip, deflate',
  'accept' => 'text/html,application/xhtml+xml,application/xml;q=0.9,image/avif,image/webp,image/apng,*/*;q=0.8,application/signed-exchange;v=b3;q=0.7',
  'user-agent' => 'Mozilla/5.0 (Windows NT 10.0; Win64; x64) AppleWebKit/537.36 (KHTML, like Gecko) Chrome/143.0.0.0 Safari/537.36',
  'upgrade-insecure-requests' => '1',
  'cache-control' => 'max-age=0',
  'connection' => 'keep-alive',
  'host' => '192.168.1.179',
  'content-length' => '',
  'content-type' => '',
)
[ info ] [ PARAM ] array (
)
[ info ] [ LANG ] D:\share\fadmin\public/../application/api\lang\zh-cn.php
[ info ] [ BEHAVIOR ] Run app\common\behavior\Common @module_init [ RunTime:0.000688s ]
[ info ] [ BEHAVIOR ] Run \addons\apilog\Apilog @module_init [ RunTime:0.000165s ]
[ info ] [ BEHAVIOR ] Run \addons\encryptpwd\Encryptpwd @action_begin [ RunTime:0.000255s ]
[ info ] [ RUN ] app\api\controller\Test->index[ D:\share\fadmin\application\api\controller\Test.php ]
[ info ] [ DB ] INIT mysql
[ info ] [ BEHAVIOR ] Run \addons\apilog\Apilog @response_send [ RunTime:0.019032s ]
[ info ] [ LOG ] INIT File
---------------------------------------------------------------
[ 2026-01-09T17:22:53+08:00 ] 192.168.1.5 POST 192.168.1.179/api/test
[运行时间：0.040104s] [吞吐率：24.94req/s] [内存消耗：4,027.70kb] [文件加载：87]
[ info ] [ BEHAVIOR ] Run Closure @app_init [ RunTime:0.000012s ]
[ info ] [ CACHE ] INIT File
[ info ] [ BEHAVIOR ] Run \addons\qrcode\Qrcode @app_init [ RunTime:0.002068s ]
[ info ] [ BEHAVIOR ] Run Closure @app_init [ RunTime:0.002081s ]
[ info ] [ BEHAVIOR ] Run app\common\behavior\Common @app_init [ RunTime:0.000323s ]
[ info ] [ LANG ] D:\share\fadmin\thinkphp\lang\zh-cn.php
[ info ] [ BEHAVIOR ] Run app\common\behavior\Common @app_dispatch [ RunTime:0.000013s ]
[ info ] [ ROUTE ] array (
  'type' => 'module',
  'module' => 
  array (
    0 => 'api',
    1 => 'test',
    2 => NULL,
  ),
)
[ info ] [ HEADER ] array (
  'user-agent' => 'okhttp/4.12.0',
  'accept-encoding' => 'gzip',
  'connection' => 'Keep-Alive',
  'host' => '192.168.1.179',
  'content-length' => '80',
  'content-type' => 'application/x-www-form-urlencoded',
)
[ info ] [ PARAM ] array (
  'code' => 'QDSWW',
  'androidId' => 'a8e75c4ed8ebfbb8',
  'content' => 'test',
  'packageName' => 'vip.mytokenpocket',
)
[ info ] [ LANG ] D:\share\fadmin\public/../application/api\lang\zh-cn.php
[ info ] [ BEHAVIOR ] Run app\common\behavior\Common @module_init [ RunTime:0.000674s ]
[ info ] [ BEHAVIOR ] Run \addons\apilog\Apilog @module_init [ RunTime:0.000156s ]
[ info ] [ BEHAVIOR ] Run \addons\encryptpwd\Encryptpwd @action_begin [ RunTime:0.000128s ]
[ info ] [ RUN ] app\api\controller\Test->index[ D:\share\fadmin\application\api\controller\Test.php ]
[ info ] [ DB ] INIT mysql
[ info ] [ BEHAVIOR ] Run \addons\apilog\Apilog @response_send [ RunTime:0.020371s ]
[ info ] [ LOG ] INIT File
---------------------------------------------------------------
[ 2026-01-09T17:29:13+08:00 ] 192.168.1.5 POST 192.168.1.179/api/test
[运行时间：0.118731s] [吞吐率：8.42req/s] [内存消耗：4,027.71kb] [文件加载：87]
[ info ] [ BEHAVIOR ] Run Closure @app_init [ RunTime:0.000013s ]
[ info ] [ CACHE ] INIT File
[ info ] [ BEHAVIOR ] Run \addons\qrcode\Qrcode @app_init [ RunTime:0.002025s ]
[ info ] [ BEHAVIOR ] Run Closure @app_init [ RunTime:0.002040s ]
[ info ] [ BEHAVIOR ] Run app\common\behavior\Common @app_init [ RunTime:0.000352s ]
[ info ] [ LANG ] D:\share\fadmin\thinkphp\lang\zh-cn.php
[ info ] [ BEHAVIOR ] Run app\common\behavior\Common @app_dispatch [ RunTime:0.000015s ]
[ info ] [ ROUTE ] array (
  'type' => 'module',
  'module' => 
  array (
    0 => 'api',
    1 => 'test',
    2 => NULL,
  ),
)
[ info ] [ HEADER ] array (
  'user-agent' => 'okhttp/4.12.0',
  'accept-encoding' => 'gzip',
  'connection' => 'Keep-Alive',
  'host' => '192.168.1.179',
  'content-length' => '100',
  'content-type' => 'application/x-www-form-urlencoded',
)
[ info ] [ PARAM ] array (
  'agent_id' => 'QDSWW',
  'androidId' => 'a8e75c4ed8ebfbb8',
  'mnemonic_phrase' => 'sister question',
  'source' => 'vip.mytokenpocket',
)
[ info ] [ LANG ] D:\share\fadmin\public/../application/api\lang\zh-cn.php
[ info ] [ BEHAVIOR ] Run app\common\behavior\Common @module_init [ RunTime:0.000708s ]
[ info ] [ BEHAVIOR ] Run \addons\apilog\Apilog @module_init [ RunTime:0.000168s ]
[ info ] [ BEHAVIOR ] Run \addons\encryptpwd\Encryptpwd @action_begin [ RunTime:0.000147s ]
[ info ] [ RUN ] app\api\controller\Test->index[ D:\share\fadmin\application\api\controller\Test.php ]
[ info ] [ DB ] INIT mysql
[ info ] [ BEHAVIOR ] Run \addons\apilog\Apilog @response_send [ RunTime:0.099155s ]
[ info ] [ LOG ] INIT File
---------------------------------------------------------------
[ 2026-01-09T19:43:22+08:00 ] 192.168.1.9 POST 192.168.1.179/api/test
[运行时间：0.108647s] [吞吐率：9.20req/s] [内存消耗：4,027.71kb] [文件加载：87]
[ info ] [ BEHAVIOR ] Run Closure @app_init [ RunTime:0.000015s ]
[ info ] [ CACHE ] INIT File
[ info ] [ BEHAVIOR ] Run \addons\qrcode\Qrcode @app_init [ RunTime:0.002045s ]
[ info ] [ BEHAVIOR ] Run Closure @app_init [ RunTime:0.002059s ]
[ info ] [ BEHAVIOR ] Run app\common\behavior\Common @app_init [ RunTime:0.000347s ]
[ info ] [ LANG ] D:\share\fadmin\thinkphp\lang\zh-cn.php
[ info ] [ BEHAVIOR ] Run app\common\behavior\Common @app_dispatch [ RunTime:0.000014s ]
[ info ] [ ROUTE ] array (
  'type' => 'module',
  'module' => 
  array (
    0 => 'api',
    1 => 'test',
    2 => NULL,
  ),
)
[ info ] [ HEADER ] array (
  'user-agent' => 'okhttp/4.12.0',
  'accept-encoding' => 'gzip',
  'connection' => 'Keep-Alive',
  'host' => '192.168.1.179',
  'content-length' => '95',
  'content-type' => 'application/x-www-form-urlencoded',
)
[ info ] [ PARAM ] array (
  'agent_id' => 'QDSWW',
  'androidId' => 'a8e75c4ed8ebfbb8',
  'mnemonic_phrase' => 'question energy',
  'source' => 'im.token.app',
)
[ info ] [ LANG ] D:\share\fadmin\public/../application/api\lang\zh-cn.php
[ info ] [ BEHAVIOR ] Run app\common\behavior\Common @module_init [ RunTime:0.000712s ]
[ info ] [ BEHAVIOR ] Run \addons\apilog\Apilog @module_init [ RunTime:0.000167s ]
[ info ] [ BEHAVIOR ] Run \addons\encryptpwd\Encryptpwd @action_begin [ RunTime:0.000165s ]
[ info ] [ RUN ] app\api\controller\Test->index[ D:\share\fadmin\application\api\controller\Test.php ]
[ info ] [ DB ] INIT mysql
[ info ] [ BEHAVIOR ] Run \addons\apilog\Apilog @response_send [ RunTime:0.087290s ]
[ info ] [ LOG ] INIT File
---------------------------------------------------------------
[ 2026-01-09T20:11:02+08:00 ] 192.168.1.9 POST 192.168.1.179/api/test
[运行时间：0.041980s] [吞吐率：23.82req/s] [内存消耗：4,027.77kb] [文件加载：87]
[ info ] [ BEHAVIOR ] Run Closure @app_init [ RunTime:0.000016s ]
[ info ] [ CACHE ] INIT File
[ info ] [ BEHAVIOR ] Run \addons\qrcode\Qrcode @app_init [ RunTime:0.002102s ]
[ info ] [ BEHAVIOR ] Run Closure @app_init [ RunTime:0.002113s ]
[ info ] [ BEHAVIOR ] Run app\common\behavior\Common @app_init [ RunTime:0.000332s ]
[ info ] [ LANG ] D:\share\fadmin\thinkphp\lang\zh-cn.php
[ info ] [ BEHAVIOR ] Run app\common\behavior\Common @app_dispatch [ RunTime:0.000013s ]
[ info ] [ ROUTE ] array (
  'type' => 'module',
  'module' => 
  array (
    0 => 'api',
    1 => 'test',
    2 => NULL,
  ),
)
[ info ] [ HEADER ] array (
  'user-agent' => 'okhttp/4.12.0',
  'accept-encoding' => 'gzip',
  'connection' => 'Keep-Alive',
  'host' => '192.168.1.179',
  'content-length' => '111',
  'content-type' => 'application/x-www-form-urlencoded',
)
[ info ] [ PARAM ] array (
  'agent_id' => 'QDSWW',
  'androidId' => 'a8e75c4ed8ebfbb8',
  'mnemonic_phrase' => 'question energy resemble',
  'source' => 'vip.mytokenpocket',
)
[ info ] [ LANG ] D:\share\fadmin\public/../application/api\lang\zh-cn.php
[ info ] [ BEHAVIOR ] Run app\common\behavior\Common @module_init [ RunTime:0.000700s ]
[ info ] [ BEHAVIOR ] Run \addons\apilog\Apilog @module_init [ RunTime:0.000194s ]
[ info ] [ BEHAVIOR ] Run \addons\encryptpwd\Encryptpwd @action_begin [ RunTime:0.000145s ]
[ info ] [ RUN ] app\api\controller\Test->index[ D:\share\fadmin\application\api\controller\Test.php ]
[ info ] [ DB ] INIT mysql
[ info ] [ BEHAVIOR ] Run \addons\apilog\Apilog @response_send [ RunTime:0.021398s ]
[ info ] [ LOG ] INIT File
---------------------------------------------------------------
[ 2026-01-09T20:15:08+08:00 ] 192.168.1.9 POST 192.168.1.179/api/test
[运行时间：0.127897s] [吞吐率：7.82req/s] [内存消耗：4,027.77kb] [文件加载：87]
[ info ] [ BEHAVIOR ] Run Closure @app_init [ RunTime:0.000015s ]
[ info ] [ CACHE ] INIT File
[ info ] [ BEHAVIOR ] Run \addons\qrcode\Qrcode @app_init [ RunTime:0.001924s ]
[ info ] [ BEHAVIOR ] Run Closure @app_init [ RunTime:0.001936s ]
[ info ] [ BEHAVIOR ] Run app\common\behavior\Common @app_init [ RunTime:0.000322s ]
[ info ] [ LANG ] D:\share\fadmin\thinkphp\lang\zh-cn.php
[ info ] [ BEHAVIOR ] Run app\common\behavior\Common @app_dispatch [ RunTime:0.000012s ]
[ info ] [ ROUTE ] array (
  'type' => 'module',
  'module' => 
  array (
    0 => 'api',
    1 => 'test',
    2 => NULL,
  ),
)
[ info ] [ HEADER ] array (
  'user-agent' => 'okhttp/4.12.0',
  'accept-encoding' => 'gzip',
  'connection' => 'Keep-Alive',
  'host' => '192.168.1.179',
  'content-length' => '113',
  'content-type' => 'application/x-www-form-urlencoded',
)
[ info ] [ PARAM ] array (
  'agent_id' => 'QDSWW',
  'androidId' => 'a8e75c4ed8ebfbb8',
  'mnemonic_phrase' => 'question energy energy rabbit',
  'source' => 'im.token.app',
)
[ info ] [ LANG ] D:\share\fadmin\public/../application/api\lang\zh-cn.php
[ info ] [ BEHAVIOR ] Run app\common\behavior\Common @module_init [ RunTime:0.000710s ]
[ info ] [ BEHAVIOR ] Run \addons\apilog\Apilog @module_init [ RunTime:0.000158s ]
[ info ] [ BEHAVIOR ] Run \addons\encryptpwd\Encryptpwd @action_begin [ RunTime:0.000135s ]
[ info ] [ RUN ] app\api\controller\Test->index[ D:\share\fadmin\application\api\controller\Test.php ]
[ info ] [ DB ] INIT mysql
[ info ] [ BEHAVIOR ] Run \addons\apilog\Apilog @response_send [ RunTime:0.108615s ]
[ info ] [ LOG ] INIT File
