---------------------------------------------------------------
[ 2026-01-30T16:52:15+08:00 ] 127.0.0.1 GET fadmin.localhost.cn/jnBIzEyaWQ.php
[运行时间：0.065604s] [吞吐率：15.24req/s] [内存消耗：3,018.88kb] [文件加载：80]
[ info ] [ BEHAVIOR ] Run Closure @app_init [ RunTime:0.001996s ]
[ info ] [ CACHE ] INIT File
[ info ] [ BEHAVIOR ] Run \addons\qrcode\Qrcode @app_init [ RunTime:0.005707s ]
[ info ] [ BEHAVIOR ] Run Closure @app_init [ RunTime:0.005725s ]
[ info ] [ BEHAVIOR ] Run app\common\behavior\Common @app_init [ RunTime:0.001003s ]
[ info ] [ LANG ] D:\share\fadmin\thinkphp\lang\zh-cn.php
[ info ] [ BEHAVIOR ] Run app\common\behavior\Common @app_dispatch [ RunTime:0.000285s ]
[ info ] [ ROUTE ] array (
  'type' => 'module',
  'module' => 
  array (
    0 => 'admin',
    1 => NULL,
    2 => NULL,
  ),
)
[ info ] [ HEADER ] array (
  'cookie' => 'sidebar_collapse=0',
  'accept-language' => 'zh-CN,zh;q=0.9',
  'accept-encoding' => 'gzip, deflate',
  'x-source' => 'chrome-extension://laljofodhebajcajogbolahbjdcnfgkf/app/webext.html',
  'x-extension' => 'laljofodhebajcajogbolahbjdcnfgkf',
  'accept' => 'text/html',
  'user-agent' => 'Mozilla/5.0 (Windows NT 10.0; Win64; x64) AppleWebKit/537.36 (KHTML, like Gecko) Chrome/144.0.0.0 Safari/537.36',
  'connection' => 'keep-alive',
  'host' => 'fadmin.localhost.cn',
  'content-length' => '',
  'content-type' => '',
)
[ info ] [ PARAM ] array (
)
[ info ] [ LANG ] D:\share\fadmin\public/../application/admin\lang\zh-cn.php
[ info ] [ BEHAVIOR ] Run app\common\behavior\Common @module_init [ RunTime:0.002676s ]
[ info ] [ BEHAVIOR ] Run \addons\apilog\Apilog @module_init [ RunTime:0.000036s ]
[ info ] [ SESSION ] INIT array (
  'id' => '',
  'var_session_id' => '',
  'prefix' => 'think',
  'type' => '',
  'auto_start' => true,
)
[ info ] [ BEHAVIOR ] Run app\admin\behavior\AdminLog @app_end [ RunTime:0.000267s ]
[ info ] [ BEHAVIOR ] Run \addons\apilog\Apilog @response_send [ RunTime:0.000027s ]
[ info ] [ LOG ] INIT File
---------------------------------------------------------------
[ 2026-01-30T16:52:15+08:00 ] 127.0.0.1 GET fadmin.localhost.cn/jnBIzEyaWQ.php/index/login
[运行时间：0.027298s] [吞吐率：36.63req/s] [内存消耗：3,360.27kb] [文件加载：86]
[ info ] [ BEHAVIOR ] Run Closure @app_init [ RunTime:0.000010s ]
[ info ] [ CACHE ] INIT File
[ info ] [ BEHAVIOR ] Run \addons\qrcode\Qrcode @app_init [ RunTime:0.001886s ]
[ info ] [ BEHAVIOR ] Run Closure @app_init [ RunTime:0.001900s ]
[ info ] [ BEHAVIOR ] Run app\common\behavior\Common @app_init [ RunTime:0.000302s ]
[ info ] [ LANG ] D:\share\fadmin\thinkphp\lang\zh-cn.php
[ info ] [ BEHAVIOR ] Run app\common\behavior\Common @app_dispatch [ RunTime:0.000011s ]
[ info ] [ ROUTE ] array (
  'type' => 'module',
  'module' => 
  array (
    0 => 'admin',
    1 => 'index',
    2 => 'login',
  ),
)
[ info ] [ HEADER ] array (
  'cookie' => 'sidebar_collapse=0; PHPSESSID=opredskuvfe776ujo9ivckn5lv',
  'accept-language' => 'zh-CN,zh;q=0.9',
  'accept-encoding' => 'gzip, deflate',
  'x-source' => 'chrome-extension://laljofodhebajcajogbolahbjdcnfgkf/app/webext.html',
  'x-extension' => 'laljofodhebajcajogbolahbjdcnfgkf',
  'accept' => 'text/html',
  'user-agent' => 'Mozilla/5.0 (Windows NT 10.0; Win64; x64) AppleWebKit/537.36 (KHTML, like Gecko) Chrome/144.0.0.0 Safari/537.36',
  'connection' => 'keep-alive',
  'host' => 'fadmin.localhost.cn',
  'content-length' => '',
  'content-type' => '',
)
[ info ] [ PARAM ] array (
)
[ info ] [ LANG ] D:\share\fadmin\public/../application/admin\lang\zh-cn.php
[ info ] [ BEHAVIOR ] Run app\common\behavior\Common @module_init [ RunTime:0.000892s ]
[ info ] [ BEHAVIOR ] Run \addons\apilog\Apilog @module_init [ RunTime:0.000026s ]
[ info ] [ SESSION ] INIT array (
  'id' => '',
  'var_session_id' => '',
  'prefix' => 'think',
  'type' => '',
  'auto_start' => true,
)
[ info ] [ BEHAVIOR ] Run \addons\betterform\Betterform @config_init [ RunTime:0.000606s ]
[ info ] [ BEHAVIOR ] Run \addons\encryptpwd\Encryptpwd @config_init [ RunTime:0.000518s ]
[ info ] [ BEHAVIOR ] Run \addons\summernote\Summernote @config_init [ RunTime:0.000524s ]
[ info ] [ LANG ] D:\share\fadmin\public/../application/admin/lang/zh-cn/index.php
[ info ] [ BEHAVIOR ] Run \addons\encryptpwd\Encryptpwd @action_begin [ RunTime:0.000514s ]
[ info ] [ RUN ] app\admin\controller\Index->login[ D:\share\fadmin\application\admin\controller\Index.php ]
[ info ] [ VIEW ] D:\share\fadmin\public/../application/admin\view\index\login.html [ array (
  0 => 'breadcrumb',
  1 => 'site',
  2 => 'config',
  3 => 'auth',
  4 => 'admin',
  5 => 'keeyloginhours',
  6 => 'background',
  7 => 'title',
) ]
[ info ] [ BEHAVIOR ] Run \addons\betterform\Betterform @view_filter [ RunTime:0.000093s ]
[ info ] [ BEHAVIOR ] Run app\admin\behavior\AdminLog @app_end [ RunTime:0.000083s ]
[ info ] [ BEHAVIOR ] Run \addons\apilog\Apilog @response_send [ RunTime:0.000020s ]
[ info ] [ LOG ] INIT File
