[ 2026-01-31T07:27:36+08:00 ][ info ] [ BEHAVIOR ] Run Closure @app_init [ RunTime:0.000101s ]
[ info ] [ LOG ] INIT File
info
[ 2026-01-31T07:27:36+08:00 ][ info ] [ CACHE ] INIT File
info
[ 2026-01-31T07:27:36+08:00 ][ info ] [ BEHAVIOR ] Run \addons\qrcode\Qrcode @app_init [ RunTime:0.002475s ]
info
[ 2026-01-31T07:27:36+08:00 ][ info ] [ BEHAVIOR ] Run Closure @app_init [ RunTime:0.002805s ]
info
[ 2026-01-31T07:27:36+08:00 ][ info ] [ BEHAVIOR ] Run app\common\behavior\Common @app_init [ RunTime:0.000513s ]
info
[ 2026-01-31T07:27:36+08:00 ][ info ] [ LANG ] D:\share\fadmin\thinkphp\lang\zh-cn.php
info
[ 2026-01-31T07:27:36+08:00 ][ info ] [ BEHAVIOR ] Run app\common\behavior\Common @app_dispatch [ RunTime:0.000016s ]
info
[ 2026-01-31T07:27:36+08:00 ][ info ] [ ROUTE ] array (
  'type' => 'module',
  'module' => 
  array (
    0 => 'start',
    1 => NULL,
    2 => NULL,
  ),
)
info
[ 2026-01-31T07:27:36+08:00 ][ info ] [ HEADER ] array (
)
info
[ 2026-01-31T07:27:36+08:00 ][ info ] [ PARAM ] array (
)
info
[ 2026-01-31T07:28:21+08:00 ][ info ] [ BEHAVIOR ] Run Closure @app_init [ RunTime:0.000143s ]
[ info ] [ LOG ] INIT File
info
[ 2026-01-31T07:28:21+08:00 ][ info ] [ CACHE ] INIT File
info
[ 2026-01-31T07:28:21+08:00 ][ info ] [ BEHAVIOR ] Run \addons\qrcode\Qrcode @app_init [ RunTime:0.004375s ]
info
[ 2026-01-31T07:28:21+08:00 ][ info ] [ BEHAVIOR ] Run Closure @app_init [ RunTime:0.005428s ]
info
[ 2026-01-31T07:28:21+08:00 ][ info ] [ BEHAVIOR ] Run app\common\behavior\Common @app_init [ RunTime:0.000858s ]
info
[ 2026-01-31T07:28:21+08:00 ][ info ] [ LANG ] D:\share\fadmin\thinkphp\lang\zh-cn.php
info
[ 2026-01-31T07:28:21+08:00 ][ info ] [ BEHAVIOR ] Run app\common\behavior\Common @app_dispatch [ RunTime:0.000038s ]
info
[ 2026-01-31T07:28:21+08:00 ][ info ] [ ROUTE ] array (
  'type' => 'module',
  'module' => 
  array (
    0 => 'admin',
    1 => 'start',
    2 => NULL,
  ),
)
info
[ 2026-01-31T07:28:21+08:00 ][ info ] [ HEADER ] array (
)
info
[ 2026-01-31T07:28:21+08:00 ][ info ] [ PARAM ] array (
)
info
[ 2026-01-31T07:28:21+08:00 ][ info ] [ LANG ] D:\share\fadmin\public/../application/admin\lang\zh-cn.php
info
[ 2026-01-31T07:28:21+08:00 ][ info ] [ BEHAVIOR ] Run app\common\behavior\Common @module_init [ RunTime:0.001125s ]
info
[ 2026-01-31T07:28:21+08:00 ][ info ] [ BEHAVIOR ] Run \addons\apilog\Apilog @module_init [ RunTime:0.000038s ]
info
[ 2026-01-31T07:28:21+08:00 ][ info ] [ BEHAVIOR ] Run \addons\encryptpwd\Encryptpwd @action_begin [ RunTime:0.000198s ]
info
[ 2026-01-31T07:28:21+08:00 ][ info ] [ RUN ] app\admin\controller\Start->index[ D:\share\fadmin\application\admin\controller\Start.php ]
info
